 All solute fluxes and cumulative solute fluxes are positive into the region

       Time         cvTop        cvBot      Sum(cvTop)   Sum(cvBot)     cvCh0        cvCh1         cTop        cRoot         cBot        cvRoot    Sum(cvRoot)  Sum(cvNEql) TLevel      cGWL        cRunOff   Sum(cRunOff)    (cv(i),    Sum(cv(i)), i=1,NObs)
        [T]        [M/L2/T]     [M/L2/T]      [M/L2]       [M/L2]       [M/L2]      [M/L2]        [M/L3]      [M/L3]        [M/L3]      [M/L2/T]      [M/L2]       [M/L2]              [M/L3]        [M/L2]      [M/L3]      [M/L2/T]      [M/L2]
        0.1000 -0.18802E-03 -0.13599E-05 -0.18802E-04 -0.13599E-06  0.00000E+00  0.00000E+00  0.00000E+00  0.00000E+00  0.35600E-02  0.00000E+00  0.00000E+00  0.00000E+00       1  0.35564E-02  0.00000E+00  0.00000E+00
        0.2200 -0.14066E-05  0.00000E+00 -0.18971E-04 -0.13599E-06  0.00000E+00  0.00000E+00  0.00000E+00  0.00000E+00  0.35600E-02  0.00000E+00  0.00000E+00  0.00000E+00       2  0.35564E-02  0.00000E+00  0.00000E+00
        0.3500 -0.14001E-05  0.00000E+00 -0.19153E-04 -0.13599E-06  0.00000E+00  0.00000E+00  0.00000E+00  0.00000E+00  0.35600E-02  0.00000E+00  0.00000E+00  0.00000E+00       3  0.35563E-02  0.00000E+00  0.00000E+00
        0.5190 -0.13924E-05  0.00000E+00 -0.19389E-04 -0.13599E-06  0.00000E+00  0.00000E+00  0.00000E+00  0.00000E+00  0.35600E-02  0.00000E+00  0.00000E+00  0.00000E+00       4  0.35563E-02  0.00000E+00  0.00000E+00
        0.7387 -0.13825E-05  0.00000E+00 -0.19692E-04 -0.13599E-06  0.00000E+00  0.00000E+00  0.00000E+00  0.00000E+00  0.35600E-02  0.00000E+00  0.00000E+00  0.00000E+00       5  0.35562E-02  0.00000E+00  0.00000E+00
        1.0243 -0.13698E-05  0.00000E+00 -0.20084E-04 -0.13599E-06  0.00000E+00  0.00000E+00  0.00000E+00  0.00000E+00  0.35600E-02  0.00000E+00  0.00000E+00  0.00000E+00       6  0.35562E-02  0.00000E+00  0.00000E+00
        1.3956 -0.13537E-05  0.00000E+00 -0.20586E-04 -0.13599E-06  0.00000E+00  0.00000E+00  0.00000E+00  0.00000E+00  0.35600E-02  0.00000E+00  0.00000E+00  0.00000E+00       7  0.35561E-02  0.00000E+00  0.00000E+00
        1.8783 -0.13334E-05  0.00000E+00 -0.21230E-04 -0.13599E-06  0.00000E+00  0.00000E+00  0.00000E+00  0.00000E+00  0.35600E-02  0.00000E+00  0.00000E+00  0.00000E+00       8  0.35560E-02  0.00000E+00  0.00000E+00
        2.5058 -0.13078E-05  0.00000E+00 -0.22050E-04 -0.13599E-06  0.00000E+00  0.00000E+00  0.00000E+00  0.00000E+00  0.35600E-02  0.00000E+00  0.00000E+00  0.00000E+00       9  0.35558E-02  0.00000E+00  0.00000E+00
        3.3215 -0.12761E-05  0.00000E+00 -0.23091E-04 -0.13599E-06  0.00000E+00  0.00000E+00  0.00000E+00  0.00000E+00  0.35600E-02  0.00000E+00  0.00000E+00  0.00000E+00      10  0.35556E-02  0.00000E+00  0.00000E+00
        4.3819 -0.12373E-05  0.00000E+00 -0.24404E-04 -0.13599E-06  0.00000E+00  0.00000E+00  0.00000E+00  0.00000E+00  0.35600E-02  0.00000E+00  0.00000E+00  0.00000E+00      11  0.35554E-02  0.00000E+00  0.00000E+00
        5.7605 -0.11905E-05  0.00000E+00 -0.26045E-04 -0.13599E-06  0.00000E+00  0.00000E+00  0.00000E+00  0.00000E+00  0.35600E-02  0.00000E+00  0.00000E+00  0.00000E+00      12  0.35550E-02  0.00000E+00  0.00000E+00
        7.5527 -0.11352E-05  0.00000E+00 -0.28079E-04 -0.13599E-06  0.00000E+00  0.00000E+00  0.00000E+00  0.00000E+00  0.35600E-02  0.00000E+00  0.00000E+00  0.00000E+00      13  0.35547E-02  0.00000E+00  0.00000E+00
        9.8825 -0.10713E-05  0.00000E+00 -0.30575E-04 -0.13599E-06  0.00000E+00  0.00000E+00  0.00000E+00  0.00000E+00  0.35600E-02  0.00000E+00  0.00000E+00  0.00000E+00      14  0.35542E-02  0.00000E+00  0.00000E+00
       12.9113 -0.99973E-06  0.00000E+00 -0.33603E-04 -0.13599E-06  0.00000E+00  0.00000E+00  0.00000E+00  0.00000E+00  0.35600E-02  0.00000E+00  0.00000E+00  0.00000E+00      15  0.35536E-02  0.00000E+00  0.00000E+00
       16.8486 -0.92207E-06  0.00000E+00 -0.37234E-04 -0.13599E-06  0.00000E+00  0.00000E+00  0.00000E+00  0.00000E+00  0.35600E-02  0.00000E+00  0.00000E+00  0.00000E+00      16  0.35529E-02  0.00000E+00  0.00000E+00
       21.9672 -0.84082E-06  0.00000E+00 -0.41537E-04 -0.13599E-06  0.00000E+00  0.00000E+00  0.00000E+00  0.00000E+00  0.35600E-02  0.00000E+00  0.00000E+00  0.00000E+00      17  0.35521E-02  0.00000E+00  0.00000E+00
       28.6214 -0.75896E-06  0.00000E+00 -0.46588E-04 -0.13599E-06  0.00000E+00  0.00000E+00  0.00000E+00  0.00000E+00  0.35600E-02  0.00000E+00  0.00000E+00  0.00000E+00      18  0.35512E-02  0.00000E+00  0.00000E+00
       37.2718 -0.67942E-06  0.00000E+00 -0.52465E-04 -0.13599E-06  0.00000E+00  0.00000E+00  0.00000E+00  0.00000E+00  0.35600E-02  0.00000E+00  0.00000E+00  0.00000E+00      19  0.35501E-02  0.00000E+00  0.00000E+00
       48.5173 -0.60449E-06  0.00000E+00 -0.59263E-04 -0.13599E-06  0.00000E+00  0.00000E+00  0.00000E+00  0.00000E+00  0.35600E-02  0.00000E+00  0.00000E+00  0.00000E+00      20  0.35488E-02  0.00000E+00  0.00000E+00
       63.1365 -0.53558E-06  0.00000E+00 -0.67093E-04 -0.13599E-06  0.00000E+00  0.00000E+00  0.00000E+00  0.00000E+00  0.35600E-02  0.00000E+00  0.00000E+00  0.00000E+00      21  0.35473E-02  0.00000E+00  0.00000E+00
       82.1415 -0.47321E-06  0.00000E+00 -0.76086E-04 -0.13599E-06  0.00000E+00  0.00000E+00  0.00000E+00  0.00000E+00  0.35600E-02  0.00000E+00  0.00000E+00  0.00000E+00      22  0.35456E-02  0.00000E+00  0.00000E+00
      106.8479 -0.41730E-06  0.00000E+00 -0.86396E-04 -0.13599E-06  0.00000E+00  0.00000E+00  0.00000E+00  0.00000E+00  0.35600E-02  0.00000E+00  0.00000E+00  0.00000E+00      23  0.35437E-02  0.00000E+00  0.00000E+00
      138.9663 -0.36749E-06  0.00000E+00 -0.98199E-04 -0.13599E-06  0.00000E+00  0.00000E+00  0.00000E+00  0.00000E+00  0.35600E-02  0.00000E+00  0.00000E+00  0.00000E+00      24  0.35414E-02  0.00000E+00  0.00000E+00
      180.7201 -0.32330E-06  0.00000E+00 -0.11170E-03 -0.13599E-06  0.00000E+00  0.00000E+00  0.00000E+00  0.00000E+00  0.35600E-02  0.00000E+00  0.00000E+00  0.00000E+00      25  0.35389E-02  0.00000E+00  0.00000E+00
      235.0001 -0.28422E-06  0.00000E+00 -0.12713E-03 -0.13599E-06  0.00000E+00  0.00000E+00  0.00000E+00  0.00000E+00  0.35600E-02  0.00000E+00  0.00000E+00  0.00000E+00      26  0.35360E-02  0.00000E+00  0.00000E+00
      305.5642 -0.24972E-06  0.00000E+00 -0.14475E-03 -0.13599E-06  0.00000E+00  0.00000E+00  0.00000E+00  0.00000E+00  0.35600E-02  0.00000E+00  0.00000E+00  0.00000E+00      27  0.35326E-02  0.00000E+00  0.00000E+00
      397.2974 -0.21932E-06  0.00000E+00 -0.16487E-03 -0.13599E-06  0.00000E+00  0.00000E+00  0.00000E+00  0.00000E+00  0.35600E-02  0.00000E+00  0.00000E+00  0.00000E+00      28  0.35288E-02  0.00000E+00  0.00000E+00
      516.5506 -0.19255E-06  0.00000E+00 -0.18783E-03 -0.13599E-06  0.00000E+00  0.00000E+00  0.00000E+00  0.00000E+00  0.35600E-02  0.00000E+00  0.00000E+00  0.00000E+00      29  0.35245E-02  0.00000E+00  0.00000E+00
      676.9818 -0.16869E-06  0.00000E+00 -0.21489E-03 -0.13599E-06  0.00000E+00  0.00000E+00  0.00000E+00  0.00000E+00  0.35600E-02  0.00000E+00  0.00000E+00  0.00000E+00      30  0.35194E-02  0.00000E+00  0.00000E+00
      864.1515 -0.14837E-06  0.00000E+00 -0.24266E-03 -0.13599E-06  0.00000E+00  0.00000E+00  0.00000E+00  0.00000E+00  0.35600E-02  0.00000E+00  0.00000E+00  0.00000E+00      31  0.35142E-02  0.00000E+00  0.00000E+00
     1098.1136 -0.13156E-06  0.00000E+00 -0.27344E-03 -0.13599E-06  0.00000E+00  0.00000E+00  0.00000E+00  0.00000E+00  0.35600E-02  0.00000E+00  0.00000E+00  0.00000E+00      32  0.35084E-02  0.00000E+00  0.00000E+00
     1449.0568 -0.11571E-06  0.00000E+00 -0.31405E-03 -0.13599E-06  0.00000E+00  0.00000E+00  0.00000E+00  0.00000E+00  0.35600E-02  0.00000E+00  0.00000E+00  0.00000E+00      33  0.35007E-02  0.00000E+00  0.00000E+00
     1800.0000 -0.10220E-06  0.00000E+00 -0.34992E-03 -0.13599E-06  0.00000E+00  0.00000E+00  0.00000E+00  0.00000E+00  0.35600E-02  0.00000E+00  0.00000E+00  0.00000E+00      34  0.34939E-02  0.00000E+00  0.00000E+00
     2250.0000 -0.91624E-07  0.00000E+00 -0.39115E-03 -0.13599E-06  0.00000E+00  0.00000E+00  0.00000E+00  0.00000E+00  0.35600E-02  0.00000E+00  0.00000E+00  0.00000E+00      35  0.34861E-02  0.00000E+00  0.00000E+00
     2700.0000 -0.82790E-07  0.00000E+00 -0.42841E-03 -0.13599E-06  0.00000E+00  0.00000E+00  0.00000E+00  0.00000E+00  0.35600E-02  0.00000E+00  0.00000E+00  0.00000E+00      36  0.34791E-02  0.00000E+00  0.00000E+00
     3180.0000 -0.75956E-07  0.00000E+00 -0.46486E-03 -0.13599E-06  0.00000E+00  0.00000E+00  0.00000E+00  0.00000E+00  0.35600E-02  0.00000E+00  0.00000E+00  0.00000E+00      37  0.34722E-02  0.00000E+00  0.00000E+00
     3660.0000 -0.70408E-07  0.00000E+00 -0.49866E-03 -0.13599E-06  0.00000E+00  0.00000E+00  0.00000E+00  0.00000E+00  0.35600E-02  0.00000E+00  0.00000E+00  0.00000E+00      38  0.34659E-02  0.00000E+00  0.00000E+00
end
