 ******* Program HYDRUS
 ******* 
 Welcome to HYDRUS-1D                                                    
 Date:   3. 4.    Time:  11:31:16
 Units: L = cm   , T = sec  , M = g    

----------------------------------------------------------
 Time       [T]        0.0000
----------------------------------------------------------
 Sub-region num.                     1
----------------------------------------------------------
 Length   [L]        0.10000E+02  0.10000E+02
 W-volume [L]        0.49000E+01  0.49000E+01
 In-flow  [L/T]      0.00000E+00  0.00000E+00
 h Mean   [L]       -0.13287E-07 -0.13287E-07
 ConcVol  [M/L2] 1   0.23422E-01  0.23422E-01
 cMean    [M/L3] 1   0.47800E-02  0.47800E-02
 Top Flux [L/T]     -0.38600E-03
 Bot Flux [L/T]     -0.38600E-03
----------------------------------------------------------

----------------------------------------------------------
 Time       [T]        1.0000
----------------------------------------------------------
 Sub-region num.                     1
----------------------------------------------------------
 Length   [L]        0.10000E+02  0.10000E+02
 W-volume [L]        0.49000E+01  0.49000E+01
 In-flow  [L/T]      0.00000E+00  0.00000E+00
 h Mean   [L]        0.50400E+01  0.50400E+01
 ConcVol  [M/L2] 1   0.23397E-01  0.23397E-01
 cMean    [M/L3] 1   0.47749E-02  0.47749E-02
 Top Flux [L/T]      0.00000E+00
 Bot Flux [L/T]      0.00000E+00
 WatBalT  [L]        0.00000E+00
 WatBalR  [%]              0.000
 CncBalT  [M]    1   0.17808E-08
 CncBalR  [%]    1         0.007
----------------------------------------------------------

----------------------------------------------------------
 Time       [T]     1800.0000
----------------------------------------------------------
 Sub-region num.                     1
----------------------------------------------------------
 Length   [L]        0.10000E+02  0.10000E+02
 W-volume [L]        0.49000E+01  0.49000E+01
 In-flow  [L/T]      0.00000E+00  0.00000E+00
 h Mean   [L]        0.50400E+01  0.50400E+01
 ConcVol  [M/L2] 1   0.22993E-01  0.22993E-01
 cMean    [M/L3] 1   0.46925E-02  0.46925E-02
 Top Flux [L/T]      0.00000E+00
 Bot Flux [L/T]      0.00000E+00
 WatBalT  [L]        0.00000E+00
 WatBalR  [%]              0.000
 CncBalT  [M]    1   0.75670E-08
 CncBalR  [%]    1         0.002
----------------------------------------------------------

----------------------------------------------------------
 Time       [T]     3660.0000
----------------------------------------------------------
 Sub-region num.                     1
----------------------------------------------------------
 Length   [L]        0.10000E+02  0.10000E+02
 W-volume [L]        0.49000E+01  0.49000E+01
 In-flow  [L/T]      0.00000E+00  0.00000E+00
 h Mean   [L]        0.50400E+01  0.50400E+01
 ConcVol  [M/L2] 1   0.22811E-01  0.22811E-01
 cMean    [M/L3] 1   0.46553E-02  0.46553E-02
 Top Flux [L/T]      0.00000E+00
 Bot Flux [L/T]      0.00000E+00
 WatBalT  [L]        0.00000E+00
 WatBalR  [%]              0.000
 CncBalT  [M]    1   0.10186E-07
 CncBalR  [%]    1         0.002
----------------------------------------------------------
 
 Calculation time [sec]  3.999996185302734E-002
