 ******* Program HYDRUS
 ******* 
 Welcome to HYDRUS-1D                                                    
 Date:   3. 4.    Time:  11:31:16
 Units: L = cm   , T = sec  , M = g    


    n      depth     THr       THs       hs       Ks        Ks/KsTop     Beta      Ah        AK        ATh

    1      0.00     0.078     0.490       0.0   0.386E-03     1.000     0.000     1.000     1.000     1.000
    2      0.02     0.078     0.490       0.0   0.386E-03     1.000     0.000     1.000     1.000     1.000
    3      0.04     0.078     0.490       0.0   0.386E-03     1.000     0.000     1.000     1.000     1.000
    4      0.06     0.078     0.490       0.0   0.386E-03     1.000     0.000     1.000     1.000     1.000
    5      0.08     0.078     0.490       0.0   0.386E-03     1.000     0.000     1.000     1.000     1.000
    6      0.10     0.078     0.490       0.0   0.386E-03     1.000     0.000     1.000     1.000     1.000
    7      0.12     0.078     0.490       0.0   0.386E-03     1.000     0.000     1.000     1.000     1.000
    8      0.14     0.078     0.490       0.0   0.386E-03     1.000     0.000     1.000     1.000     1.000
    9      0.16     0.078     0.490       0.0   0.386E-03     1.000     0.000     1.000     1.000     1.000
   10      0.18     0.078     0.490       0.0   0.386E-03     1.000     0.000     1.000     1.000     1.000
   11      0.20     0.078     0.490       0.0   0.386E-03     1.000     0.000     1.000     1.000     1.000
   12      0.22     0.078     0.490       0.0   0.386E-03     1.000     0.000     1.000     1.000     1.000
   13      0.24     0.078     0.490       0.0   0.386E-03     1.000     0.000     1.000     1.000     1.000
   14      0.26     0.078     0.490       0.0   0.386E-03     1.000     0.000     1.000     1.000     1.000
   15      0.28     0.078     0.490       0.0   0.386E-03     1.000     0.000     1.000     1.000     1.000
   16      0.30     0.078     0.490       0.0   0.386E-03     1.000     0.000     1.000     1.000     1.000
   17      0.32     0.078     0.490       0.0   0.386E-03     1.000     0.000     1.000     1.000     1.000
   18      0.34     0.078     0.490       0.0   0.386E-03     1.000     0.000     1.000     1.000     1.000
   19      0.36     0.078     0.490       0.0   0.386E-03     1.000     0.000     1.000     1.000     1.000
   20      0.38     0.078     0.490       0.0   0.386E-03     1.000     0.000     1.000     1.000     1.000
   21      0.40     0.078     0.490       0.0   0.386E-03     1.000     0.000     1.000     1.000     1.000
   22      0.42     0.078     0.490       0.0   0.386E-03     1.000     0.000     1.000     1.000     1.000
   23      0.44     0.078     0.490       0.0   0.386E-03     1.000     0.000     1.000     1.000     1.000
   24      0.46     0.078     0.490       0.0   0.386E-03     1.000     0.000     1.000     1.000     1.000
   25      0.48     0.078     0.490       0.0   0.386E-03     1.000     0.000     1.000     1.000     1.000
   26      0.50     0.078     0.490       0.0   0.386E-03     1.000     0.000     1.000     1.000     1.000
   27      0.52     0.078     0.490       0.0   0.386E-03     1.000     0.000     1.000     1.000     1.000
   28      0.54     0.078     0.490       0.0   0.386E-03     1.000     0.000     1.000     1.000     1.000
   29      0.56     0.078     0.490       0.0   0.386E-03     1.000     0.000     1.000     1.000     1.000
   30      0.58     0.078     0.490       0.0   0.386E-03     1.000     0.000     1.000     1.000     1.000
   31      0.60     0.078     0.490       0.0   0.386E-03     1.000     0.000     1.000     1.000     1.000
   32      0.62     0.078     0.490       0.0   0.386E-03     1.000     0.000     1.000     1.000     1.000
   33      0.64     0.078     0.490       0.0   0.386E-03     1.000     0.000     1.000     1.000     1.000
   34      0.66     0.078     0.490       0.0   0.386E-03     1.000     0.000     1.000     1.000     1.000
   35      0.68     0.078     0.490       0.0   0.386E-03     1.000     0.000     1.000     1.000     1.000
   36      0.70     0.078     0.490       0.0   0.386E-03     1.000     0.000     1.000     1.000     1.000
   37      0.72     0.078     0.490       0.0   0.386E-03     1.000     0.000     1.000     1.000     1.000
   38      0.74     0.078     0.490       0.0   0.386E-03     1.000     0.000     1.000     1.000     1.000
   39      0.76     0.078     0.490       0.0   0.386E-03     1.000     0.000     1.000     1.000     1.000
   40      0.78     0.078     0.490       0.0   0.386E-03     1.000     0.000     1.000     1.000     1.000
   41      0.80     0.078     0.490       0.0   0.386E-03     1.000     0.000     1.000     1.000     1.000
   42      0.82     0.078     0.490       0.0   0.386E-03     1.000     0.000     1.000     1.000     1.000
   43      0.84     0.078     0.490       0.0   0.386E-03     1.000     0.000     1.000     1.000     1.000
   44      0.86     0.078     0.490       0.0   0.386E-03     1.000     0.000     1.000     1.000     1.000
   45      0.88     0.078     0.490       0.0   0.386E-03     1.000     0.000     1.000     1.000     1.000
   46      0.90     0.078     0.490       0.0   0.386E-03     1.000     0.000     1.000     1.000     1.000
   47      0.92     0.078     0.490       0.0   0.386E-03     1.000     0.000     1.000     1.000     1.000
   48      0.94     0.078     0.490       0.0   0.386E-03     1.000     0.000     1.000     1.000     1.000
   49      0.96     0.078     0.490       0.0   0.386E-03     1.000     0.000     1.000     1.000     1.000
   50      0.98     0.078     0.490       0.0   0.386E-03     1.000     0.000     1.000     1.000     1.000
   51      1.00     0.078     0.490       0.0   0.386E-03     1.000     0.000     1.000     1.000     1.000
   52      1.02     0.078     0.490       0.0   0.386E-03     1.000     0.000     1.000     1.000     1.000
   53      1.04     0.078     0.490       0.0   0.386E-03     1.000     0.000     1.000     1.000     1.000
   54      1.06     0.078     0.490       0.0   0.386E-03     1.000     0.000     1.000     1.000     1.000
   55      1.08     0.078     0.490       0.0   0.386E-03     1.000     0.000     1.000     1.000     1.000
   56      1.10     0.078     0.490       0.0   0.386E-03     1.000     0.000     1.000     1.000     1.000
   57      1.12     0.078     0.490       0.0   0.386E-03     1.000     0.000     1.000     1.000     1.000
   58      1.14     0.078     0.490       0.0   0.386E-03     1.000     0.000     1.000     1.000     1.000
   59      1.16     0.078     0.490       0.0   0.386E-03     1.000     0.000     1.000     1.000     1.000
   60      1.18     0.078     0.490       0.0   0.386E-03     1.000     0.000     1.000     1.000     1.000
   61      1.20     0.078     0.490       0.0   0.386E-03     1.000     0.000     1.000     1.000     1.000
   62      1.22     0.078     0.490       0.0   0.386E-03     1.000     0.000     1.000     1.000     1.000
   63      1.24     0.078     0.490       0.0   0.386E-03     1.000     0.000     1.000     1.000     1.000
   64      1.26     0.078     0.490       0.0   0.386E-03     1.000     0.000     1.000     1.000     1.000
   65      1.28     0.078     0.490       0.0   0.386E-03     1.000     0.000     1.000     1.000     1.000
   66      1.30     0.078     0.490       0.0   0.386E-03     1.000     0.000     1.000     1.000     1.000
   67      1.32     0.078     0.490       0.0   0.386E-03     1.000     0.000     1.000     1.000     1.000
   68      1.34     0.078     0.490       0.0   0.386E-03     1.000     0.000     1.000     1.000     1.000
   69      1.36     0.078     0.490       0.0   0.386E-03     1.000     0.000     1.000     1.000     1.000
   70      1.38     0.078     0.490       0.0   0.386E-03     1.000     0.000     1.000     1.000     1.000
   71      1.40     0.078     0.490       0.0   0.386E-03     1.000     0.000     1.000     1.000     1.000
   72      1.42     0.078     0.490       0.0   0.386E-03     1.000     0.000     1.000     1.000     1.000
   73      1.44     0.078     0.490       0.0   0.386E-03     1.000     0.000     1.000     1.000     1.000
   74      1.46     0.078     0.490       0.0   0.386E-03     1.000     0.000     1.000     1.000     1.000
   75      1.48     0.078     0.490       0.0   0.386E-03     1.000     0.000     1.000     1.000     1.000
   76      1.50     0.078     0.490       0.0   0.386E-03     1.000     0.000     1.000     1.000     1.000
   77      1.52     0.078     0.490       0.0   0.386E-03     1.000     0.000     1.000     1.000     1.000
   78      1.54     0.078     0.490       0.0   0.386E-03     1.000     0.000     1.000     1.000     1.000
   79      1.56     0.078     0.490       0.0   0.386E-03     1.000     0.000     1.000     1.000     1.000
   80      1.58     0.078     0.490       0.0   0.386E-03     1.000     0.000     1.000     1.000     1.000
   81      1.60     0.078     0.490       0.0   0.386E-03     1.000     0.000     1.000     1.000     1.000
   82      1.62     0.078     0.490       0.0   0.386E-03     1.000     0.000     1.000     1.000     1.000
   83      1.64     0.078     0.490       0.0   0.386E-03     1.000     0.000     1.000     1.000     1.000
   84      1.66     0.078     0.490       0.0   0.386E-03     1.000     0.000     1.000     1.000     1.000
   85      1.68     0.078     0.490       0.0   0.386E-03     1.000     0.000     1.000     1.000     1.000
   86      1.70     0.078     0.490       0.0   0.386E-03     1.000     0.000     1.000     1.000     1.000
   87      1.72     0.078     0.490       0.0   0.386E-03     1.000     0.000     1.000     1.000     1.000
   88      1.74     0.078     0.490       0.0   0.386E-03     1.000     0.000     1.000     1.000     1.000
   89      1.76     0.078     0.490       0.0   0.386E-03     1.000     0.000     1.000     1.000     1.000
   90      1.78     0.078     0.490       0.0   0.386E-03     1.000     0.000     1.000     1.000     1.000
   91      1.80     0.078     0.490       0.0   0.386E-03     1.000     0.000     1.000     1.000     1.000
   92      1.82     0.078     0.490       0.0   0.386E-03     1.000     0.000     1.000     1.000     1.000
   93      1.84     0.078     0.490       0.0   0.386E-03     1.000     0.000     1.000     1.000     1.000
   94      1.86     0.078     0.490       0.0   0.386E-03     1.000     0.000     1.000     1.000     1.000
   95      1.88     0.078     0.490       0.0   0.386E-03     1.000     0.000     1.000     1.000     1.000
   96      1.90     0.078     0.490       0.0   0.386E-03     1.000     0.000     1.000     1.000     1.000
   97      1.92     0.078     0.490       0.0   0.386E-03     1.000     0.000     1.000     1.000     1.000
   98      1.94     0.078     0.490       0.0   0.386E-03     1.000     0.000     1.000     1.000     1.000
   99      1.96     0.078     0.490       0.0   0.386E-03     1.000     0.000     1.000     1.000     1.000
  100      1.98     0.078     0.490       0.0   0.386E-03     1.000     0.000     1.000     1.000     1.000
  101      2.00     0.078     0.490       0.0   0.386E-03     1.000     0.000     1.000     1.000     1.000
  102      2.02     0.078     0.490       0.0   0.386E-03     1.000     0.000     1.000     1.000     1.000
  103      2.04     0.078     0.490       0.0   0.386E-03     1.000     0.000     1.000     1.000     1.000
  104      2.06     0.078     0.490       0.0   0.386E-03     1.000     0.000     1.000     1.000     1.000
  105      2.08     0.078     0.490       0.0   0.386E-03     1.000     0.000     1.000     1.000     1.000
  106      2.10     0.078     0.490       0.0   0.386E-03     1.000     0.000     1.000     1.000     1.000
  107      2.12     0.078     0.490       0.0   0.386E-03     1.000     0.000     1.000     1.000     1.000
  108      2.14     0.078     0.490       0.0   0.386E-03     1.000     0.000     1.000     1.000     1.000
  109      2.16     0.078     0.490       0.0   0.386E-03     1.000     0.000     1.000     1.000     1.000
  110      2.18     0.078     0.490       0.0   0.386E-03     1.000     0.000     1.000     1.000     1.000
  111      2.20     0.078     0.490       0.0   0.386E-03     1.000     0.000     1.000     1.000     1.000
  112      2.22     0.078     0.490       0.0   0.386E-03     1.000     0.000     1.000     1.000     1.000
  113      2.24     0.078     0.490       0.0   0.386E-03     1.000     0.000     1.000     1.000     1.000
  114      2.26     0.078     0.490       0.0   0.386E-03     1.000     0.000     1.000     1.000     1.000
  115      2.28     0.078     0.490       0.0   0.386E-03     1.000     0.000     1.000     1.000     1.000
  116      2.30     0.078     0.490       0.0   0.386E-03     1.000     0.000     1.000     1.000     1.000
  117      2.32     0.078     0.490       0.0   0.386E-03     1.000     0.000     1.000     1.000     1.000
  118      2.34     0.078     0.490       0.0   0.386E-03     1.000     0.000     1.000     1.000     1.000
  119      2.36     0.078     0.490       0.0   0.386E-03     1.000     0.000     1.000     1.000     1.000
  120      2.38     0.078     0.490       0.0   0.386E-03     1.000     0.000     1.000     1.000     1.000
  121      2.40     0.078     0.490       0.0   0.386E-03     1.000     0.000     1.000     1.000     1.000
  122      2.42     0.078     0.490       0.0   0.386E-03     1.000     0.000     1.000     1.000     1.000
  123      2.44     0.078     0.490       0.0   0.386E-03     1.000     0.000     1.000     1.000     1.000
  124      2.46     0.078     0.490       0.0   0.386E-03     1.000     0.000     1.000     1.000     1.000
  125      2.48     0.078     0.490       0.0   0.386E-03     1.000     0.000     1.000     1.000     1.000
  126      2.50     0.078     0.490       0.0   0.386E-03     1.000     0.000     1.000     1.000     1.000
  127      2.52     0.078     0.490       0.0   0.386E-03     1.000     0.000     1.000     1.000     1.000
  128      2.54     0.078     0.490       0.0   0.386E-03     1.000     0.000     1.000     1.000     1.000
  129      2.56     0.078     0.490       0.0   0.386E-03     1.000     0.000     1.000     1.000     1.000
  130      2.58     0.078     0.490       0.0   0.386E-03     1.000     0.000     1.000     1.000     1.000
  131      2.60     0.078     0.490       0.0   0.386E-03     1.000     0.000     1.000     1.000     1.000
  132      2.62     0.078     0.490       0.0   0.386E-03     1.000     0.000     1.000     1.000     1.000
  133      2.64     0.078     0.490       0.0   0.386E-03     1.000     0.000     1.000     1.000     1.000
  134      2.66     0.078     0.490       0.0   0.386E-03     1.000     0.000     1.000     1.000     1.000
  135      2.68     0.078     0.490       0.0   0.386E-03     1.000     0.000     1.000     1.000     1.000
  136      2.70     0.078     0.490       0.0   0.386E-03     1.000     0.000     1.000     1.000     1.000
  137      2.72     0.078     0.490       0.0   0.386E-03     1.000     0.000     1.000     1.000     1.000
  138      2.74     0.078     0.490       0.0   0.386E-03     1.000     0.000     1.000     1.000     1.000
  139      2.76     0.078     0.490       0.0   0.386E-03     1.000     0.000     1.000     1.000     1.000
  140      2.78     0.078     0.490       0.0   0.386E-03     1.000     0.000     1.000     1.000     1.000
  141      2.80     0.078     0.490       0.0   0.386E-03     1.000     0.000     1.000     1.000     1.000
  142      2.82     0.078     0.490       0.0   0.386E-03     1.000     0.000     1.000     1.000     1.000
  143      2.84     0.078     0.490       0.0   0.386E-03     1.000     0.000     1.000     1.000     1.000
  144      2.86     0.078     0.490       0.0   0.386E-03     1.000     0.000     1.000     1.000     1.000
  145      2.88     0.078     0.490       0.0   0.386E-03     1.000     0.000     1.000     1.000     1.000
  146      2.90     0.078     0.490       0.0   0.386E-03     1.000     0.000     1.000     1.000     1.000
  147      2.92     0.078     0.490       0.0   0.386E-03     1.000     0.000     1.000     1.000     1.000
  148      2.94     0.078     0.490       0.0   0.386E-03     1.000     0.000     1.000     1.000     1.000
  149      2.96     0.078     0.490       0.0   0.386E-03     1.000     0.000     1.000     1.000     1.000
  150      2.98     0.078     0.490       0.0   0.386E-03     1.000     0.000     1.000     1.000     1.000
  151      3.00     0.078     0.490       0.0   0.386E-03     1.000     0.000     1.000     1.000     1.000
  152      3.02     0.078     0.490       0.0   0.386E-03     1.000     0.000     1.000     1.000     1.000
  153      3.04     0.078     0.490       0.0   0.386E-03     1.000     0.000     1.000     1.000     1.000
  154      3.06     0.078     0.490       0.0   0.386E-03     1.000     0.000     1.000     1.000     1.000
  155      3.08     0.078     0.490       0.0   0.386E-03     1.000     0.000     1.000     1.000     1.000
  156      3.10     0.078     0.490       0.0   0.386E-03     1.000     0.000     1.000     1.000     1.000
  157      3.12     0.078     0.490       0.0   0.386E-03     1.000     0.000     1.000     1.000     1.000
  158      3.14     0.078     0.490       0.0   0.386E-03     1.000     0.000     1.000     1.000     1.000
  159      3.16     0.078     0.490       0.0   0.386E-03     1.000     0.000     1.000     1.000     1.000
  160      3.18     0.078     0.490       0.0   0.386E-03     1.000     0.000     1.000     1.000     1.000
  161      3.20     0.078     0.490       0.0   0.386E-03     1.000     0.000     1.000     1.000     1.000
  162      3.22     0.078     0.490       0.0   0.386E-03     1.000     0.000     1.000     1.000     1.000
  163      3.24     0.078     0.490       0.0   0.386E-03     1.000     0.000     1.000     1.000     1.000
  164      3.26     0.078     0.490       0.0   0.386E-03     1.000     0.000     1.000     1.000     1.000
  165      3.28     0.078     0.490       0.0   0.386E-03     1.000     0.000     1.000     1.000     1.000
  166      3.30     0.078     0.490       0.0   0.386E-03     1.000     0.000     1.000     1.000     1.000
  167      3.32     0.078     0.490       0.0   0.386E-03     1.000     0.000     1.000     1.000     1.000
  168      3.34     0.078     0.490       0.0   0.386E-03     1.000     0.000     1.000     1.000     1.000
  169      3.36     0.078     0.490       0.0   0.386E-03     1.000     0.000     1.000     1.000     1.000
  170      3.38     0.078     0.490       0.0   0.386E-03     1.000     0.000     1.000     1.000     1.000
  171      3.40     0.078     0.490       0.0   0.386E-03     1.000     0.000     1.000     1.000     1.000
  172      3.42     0.078     0.490       0.0   0.386E-03     1.000     0.000     1.000     1.000     1.000
  173      3.44     0.078     0.490       0.0   0.386E-03     1.000     0.000     1.000     1.000     1.000
  174      3.46     0.078     0.490       0.0   0.386E-03     1.000     0.000     1.000     1.000     1.000
  175      3.48     0.078     0.490       0.0   0.386E-03     1.000     0.000     1.000     1.000     1.000
  176      3.50     0.078     0.490       0.0   0.386E-03     1.000     0.000     1.000     1.000     1.000
  177      3.52     0.078     0.490       0.0   0.386E-03     1.000     0.000     1.000     1.000     1.000
  178      3.54     0.078     0.490       0.0   0.386E-03     1.000     0.000     1.000     1.000     1.000
  179      3.56     0.078     0.490       0.0   0.386E-03     1.000     0.000     1.000     1.000     1.000
  180      3.58     0.078     0.490       0.0   0.386E-03     1.000     0.000     1.000     1.000     1.000
  181      3.60     0.078     0.490       0.0   0.386E-03     1.000     0.000     1.000     1.000     1.000
  182      3.62     0.078     0.490       0.0   0.386E-03     1.000     0.000     1.000     1.000     1.000
  183      3.64     0.078     0.490       0.0   0.386E-03     1.000     0.000     1.000     1.000     1.000
  184      3.66     0.078     0.490       0.0   0.386E-03     1.000     0.000     1.000     1.000     1.000
  185      3.68     0.078     0.490       0.0   0.386E-03     1.000     0.000     1.000     1.000     1.000
  186      3.70     0.078     0.490       0.0   0.386E-03     1.000     0.000     1.000     1.000     1.000
  187      3.72     0.078     0.490       0.0   0.386E-03     1.000     0.000     1.000     1.000     1.000
  188      3.74     0.078     0.490       0.0   0.386E-03     1.000     0.000     1.000     1.000     1.000
  189      3.76     0.078     0.490       0.0   0.386E-03     1.000     0.000     1.000     1.000     1.000
  190      3.78     0.078     0.490       0.0   0.386E-03     1.000     0.000     1.000     1.000     1.000
  191      3.80     0.078     0.490       0.0   0.386E-03     1.000     0.000     1.000     1.000     1.000
  192      3.82     0.078     0.490       0.0   0.386E-03     1.000     0.000     1.000     1.000     1.000
  193      3.84     0.078     0.490       0.0   0.386E-03     1.000     0.000     1.000     1.000     1.000
  194      3.86     0.078     0.490       0.0   0.386E-03     1.000     0.000     1.000     1.000     1.000
  195      3.88     0.078     0.490       0.0   0.386E-03     1.000     0.000     1.000     1.000     1.000
  196      3.90     0.078     0.490       0.0   0.386E-03     1.000     0.000     1.000     1.000     1.000
  197      3.92     0.078     0.490       0.0   0.386E-03     1.000     0.000     1.000     1.000     1.000
  198      3.94     0.078     0.490       0.0   0.386E-03     1.000     0.000     1.000     1.000     1.000
  199      3.96     0.078     0.490       0.0   0.386E-03     1.000     0.000     1.000     1.000     1.000
  200      3.98     0.078     0.490       0.0   0.386E-03     1.000     0.000     1.000     1.000     1.000
  201      4.00     0.078     0.490       0.0   0.386E-03     1.000     0.000     1.000     1.000     1.000
  202      4.02     0.078     0.490       0.0   0.386E-03     1.000     0.000     1.000     1.000     1.000
  203      4.04     0.078     0.490       0.0   0.386E-03     1.000     0.000     1.000     1.000     1.000
  204      4.06     0.078     0.490       0.0   0.386E-03     1.000     0.000     1.000     1.000     1.000
  205      4.08     0.078     0.490       0.0   0.386E-03     1.000     0.000     1.000     1.000     1.000
  206      4.10     0.078     0.490       0.0   0.386E-03     1.000     0.000     1.000     1.000     1.000
  207      4.12     0.078     0.490       0.0   0.386E-03     1.000     0.000     1.000     1.000     1.000
  208      4.14     0.078     0.490       0.0   0.386E-03     1.000     0.000     1.000     1.000     1.000
  209      4.16     0.078     0.490       0.0   0.386E-03     1.000     0.000     1.000     1.000     1.000
  210      4.18     0.078     0.490       0.0   0.386E-03     1.000     0.000     1.000     1.000     1.000
  211      4.20     0.078     0.490       0.0   0.386E-03     1.000     0.000     1.000     1.000     1.000
  212      4.22     0.078     0.490       0.0   0.386E-03     1.000     0.000     1.000     1.000     1.000
  213      4.24     0.078     0.490       0.0   0.386E-03     1.000     0.000     1.000     1.000     1.000
  214      4.26     0.078     0.490       0.0   0.386E-03     1.000     0.000     1.000     1.000     1.000
  215      4.28     0.078     0.490       0.0   0.386E-03     1.000     0.000     1.000     1.000     1.000
  216      4.30     0.078     0.490       0.0   0.386E-03     1.000     0.000     1.000     1.000     1.000
  217      4.32     0.078     0.490       0.0   0.386E-03     1.000     0.000     1.000     1.000     1.000
  218      4.34     0.078     0.490       0.0   0.386E-03     1.000     0.000     1.000     1.000     1.000
  219      4.36     0.078     0.490       0.0   0.386E-03     1.000     0.000     1.000     1.000     1.000
  220      4.38     0.078     0.490       0.0   0.386E-03     1.000     0.000     1.000     1.000     1.000
  221      4.40     0.078     0.490       0.0   0.386E-03     1.000     0.000     1.000     1.000     1.000
  222      4.42     0.078     0.490       0.0   0.386E-03     1.000     0.000     1.000     1.000     1.000
  223      4.44     0.078     0.490       0.0   0.386E-03     1.000     0.000     1.000     1.000     1.000
  224      4.46     0.078     0.490       0.0   0.386E-03     1.000     0.000     1.000     1.000     1.000
  225      4.48     0.078     0.490       0.0   0.386E-03     1.000     0.000     1.000     1.000     1.000
  226      4.50     0.078     0.490       0.0   0.386E-03     1.000     0.000     1.000     1.000     1.000
  227      4.52     0.078     0.490       0.0   0.386E-03     1.000     0.000     1.000     1.000     1.000
  228      4.54     0.078     0.490       0.0   0.386E-03     1.000     0.000     1.000     1.000     1.000
  229      4.56     0.078     0.490       0.0   0.386E-03     1.000     0.000     1.000     1.000     1.000
  230      4.58     0.078     0.490       0.0   0.386E-03     1.000     0.000     1.000     1.000     1.000
  231      4.60     0.078     0.490       0.0   0.386E-03     1.000     0.000     1.000     1.000     1.000
  232      4.62     0.078     0.490       0.0   0.386E-03     1.000     0.000     1.000     1.000     1.000
  233      4.64     0.078     0.490       0.0   0.386E-03     1.000     0.000     1.000     1.000     1.000
  234      4.66     0.078     0.490       0.0   0.386E-03     1.000     0.000     1.000     1.000     1.000
  235      4.68     0.078     0.490       0.0   0.386E-03     1.000     0.000     1.000     1.000     1.000
  236      4.70     0.078     0.490       0.0   0.386E-03     1.000     0.000     1.000     1.000     1.000
  237      4.72     0.078     0.490       0.0   0.386E-03     1.000     0.000     1.000     1.000     1.000
  238      4.74     0.078     0.490       0.0   0.386E-03     1.000     0.000     1.000     1.000     1.000
  239      4.76     0.078     0.490       0.0   0.386E-03     1.000     0.000     1.000     1.000     1.000
  240      4.78     0.078     0.490       0.0   0.386E-03     1.000     0.000     1.000     1.000     1.000
  241      4.80     0.078     0.490       0.0   0.386E-03     1.000     0.000     1.000     1.000     1.000
  242      4.82     0.078     0.490       0.0   0.386E-03     1.000     0.000     1.000     1.000     1.000
  243      4.84     0.078     0.490       0.0   0.386E-03     1.000     0.000     1.000     1.000     1.000
  244      4.86     0.078     0.490       0.0   0.386E-03     1.000     0.000     1.000     1.000     1.000
  245      4.88     0.078     0.490       0.0   0.386E-03     1.000     0.000     1.000     1.000     1.000
  246      4.90     0.078     0.490       0.0   0.386E-03     1.000     0.000     1.000     1.000     1.000
  247      4.92     0.078     0.490       0.0   0.386E-03     1.000     0.000     1.000     1.000     1.000
  248      4.94     0.078     0.490       0.0   0.386E-03     1.000     0.000     1.000     1.000     1.000
  249      4.96     0.078     0.490       0.0   0.386E-03     1.000     0.000     1.000     1.000     1.000
  250      4.98     0.078     0.490       0.0   0.386E-03     1.000     0.000     1.000     1.000     1.000
  251      5.00     0.078     0.490       0.0   0.386E-03     1.000     0.000     1.000     1.000     1.000
  252      5.02     0.078     0.490       0.0   0.386E-03     1.000     0.000     1.000     1.000     1.000
  253      5.04     0.078     0.490       0.0   0.386E-03     1.000     0.000     1.000     1.000     1.000
  254      5.06     0.078     0.490       0.0   0.386E-03     1.000     0.000     1.000     1.000     1.000
  255      5.08     0.078     0.490       0.0   0.386E-03     1.000     0.000     1.000     1.000     1.000
  256      5.10     0.078     0.490       0.0   0.386E-03     1.000     0.000     1.000     1.000     1.000
  257      5.12     0.078     0.490       0.0   0.386E-03     1.000     0.000     1.000     1.000     1.000
  258      5.14     0.078     0.490       0.0   0.386E-03     1.000     0.000     1.000     1.000     1.000
  259      5.16     0.078     0.490       0.0   0.386E-03     1.000     0.000     1.000     1.000     1.000
  260      5.18     0.078     0.490       0.0   0.386E-03     1.000     0.000     1.000     1.000     1.000
  261      5.20     0.078     0.490       0.0   0.386E-03     1.000     0.000     1.000     1.000     1.000
  262      5.22     0.078     0.490       0.0   0.386E-03     1.000     0.000     1.000     1.000     1.000
  263      5.24     0.078     0.490       0.0   0.386E-03     1.000     0.000     1.000     1.000     1.000
  264      5.26     0.078     0.490       0.0   0.386E-03     1.000     0.000     1.000     1.000     1.000
  265      5.28     0.078     0.490       0.0   0.386E-03     1.000     0.000     1.000     1.000     1.000
  266      5.30     0.078     0.490       0.0   0.386E-03     1.000     0.000     1.000     1.000     1.000
  267      5.32     0.078     0.490       0.0   0.386E-03     1.000     0.000     1.000     1.000     1.000
  268      5.34     0.078     0.490       0.0   0.386E-03     1.000     0.000     1.000     1.000     1.000
  269      5.36     0.078     0.490       0.0   0.386E-03     1.000     0.000     1.000     1.000     1.000
  270      5.38     0.078     0.490       0.0   0.386E-03     1.000     0.000     1.000     1.000     1.000
  271      5.40     0.078     0.490       0.0   0.386E-03     1.000     0.000     1.000     1.000     1.000
  272      5.42     0.078     0.490       0.0   0.386E-03     1.000     0.000     1.000     1.000     1.000
  273      5.44     0.078     0.490       0.0   0.386E-03     1.000     0.000     1.000     1.000     1.000
  274      5.46     0.078     0.490       0.0   0.386E-03     1.000     0.000     1.000     1.000     1.000
  275      5.48     0.078     0.490       0.0   0.386E-03     1.000     0.000     1.000     1.000     1.000
  276      5.50     0.078     0.490       0.0   0.386E-03     1.000     0.000     1.000     1.000     1.000
  277      5.52     0.078     0.490       0.0   0.386E-03     1.000     0.000     1.000     1.000     1.000
  278      5.54     0.078     0.490       0.0   0.386E-03     1.000     0.000     1.000     1.000     1.000
  279      5.56     0.078     0.490       0.0   0.386E-03     1.000     0.000     1.000     1.000     1.000
  280      5.58     0.078     0.490       0.0   0.386E-03     1.000     0.000     1.000     1.000     1.000
  281      5.60     0.078     0.490       0.0   0.386E-03     1.000     0.000     1.000     1.000     1.000
  282      5.62     0.078     0.490       0.0   0.386E-03     1.000     0.000     1.000     1.000     1.000
  283      5.64     0.078     0.490       0.0   0.386E-03     1.000     0.000     1.000     1.000     1.000
  284      5.66     0.078     0.490       0.0   0.386E-03     1.000     0.000     1.000     1.000     1.000
  285      5.68     0.078     0.490       0.0   0.386E-03     1.000     0.000     1.000     1.000     1.000
  286      5.70     0.078     0.490       0.0   0.386E-03     1.000     0.000     1.000     1.000     1.000
  287      5.72     0.078     0.490       0.0   0.386E-03     1.000     0.000     1.000     1.000     1.000
  288      5.74     0.078     0.490       0.0   0.386E-03     1.000     0.000     1.000     1.000     1.000
  289      5.76     0.078     0.490       0.0   0.386E-03     1.000     0.000     1.000     1.000     1.000
  290      5.78     0.078     0.490       0.0   0.386E-03     1.000     0.000     1.000     1.000     1.000
  291      5.80     0.078     0.490       0.0   0.386E-03     1.000     0.000     1.000     1.000     1.000
  292      5.82     0.078     0.490       0.0   0.386E-03     1.000     0.000     1.000     1.000     1.000
  293      5.84     0.078     0.490       0.0   0.386E-03     1.000     0.000     1.000     1.000     1.000
  294      5.86     0.078     0.490       0.0   0.386E-03     1.000     0.000     1.000     1.000     1.000
  295      5.88     0.078     0.490       0.0   0.386E-03     1.000     0.000     1.000     1.000     1.000
  296      5.90     0.078     0.490       0.0   0.386E-03     1.000     0.000     1.000     1.000     1.000
  297      5.92     0.078     0.490       0.0   0.386E-03     1.000     0.000     1.000     1.000     1.000
  298      5.94     0.078     0.490       0.0   0.386E-03     1.000     0.000     1.000     1.000     1.000
  299      5.96     0.078     0.490       0.0   0.386E-03     1.000     0.000     1.000     1.000     1.000
  300      5.98     0.078     0.490       0.0   0.386E-03     1.000     0.000     1.000     1.000     1.000
  301      6.00     0.078     0.490       0.0   0.386E-03     1.000     0.000     1.000     1.000     1.000
  302      6.02     0.078     0.490       0.0   0.386E-03     1.000     0.000     1.000     1.000     1.000
  303      6.04     0.078     0.490       0.0   0.386E-03     1.000     0.000     1.000     1.000     1.000
  304      6.06     0.078     0.490       0.0   0.386E-03     1.000     0.000     1.000     1.000     1.000
  305      6.08     0.078     0.490       0.0   0.386E-03     1.000     0.000     1.000     1.000     1.000
  306      6.10     0.078     0.490       0.0   0.386E-03     1.000     0.000     1.000     1.000     1.000
  307      6.12     0.078     0.490       0.0   0.386E-03     1.000     0.000     1.000     1.000     1.000
  308      6.14     0.078     0.490       0.0   0.386E-03     1.000     0.000     1.000     1.000     1.000
  309      6.16     0.078     0.490       0.0   0.386E-03     1.000     0.000     1.000     1.000     1.000
  310      6.18     0.078     0.490       0.0   0.386E-03     1.000     0.000     1.000     1.000     1.000
  311      6.20     0.078     0.490       0.0   0.386E-03     1.000     0.000     1.000     1.000     1.000
  312      6.22     0.078     0.490       0.0   0.386E-03     1.000     0.000     1.000     1.000     1.000
  313      6.24     0.078     0.490       0.0   0.386E-03     1.000     0.000     1.000     1.000     1.000
  314      6.26     0.078     0.490       0.0   0.386E-03     1.000     0.000     1.000     1.000     1.000
  315      6.28     0.078     0.490       0.0   0.386E-03     1.000     0.000     1.000     1.000     1.000
  316      6.30     0.078     0.490       0.0   0.386E-03     1.000     0.000     1.000     1.000     1.000
  317      6.32     0.078     0.490       0.0   0.386E-03     1.000     0.000     1.000     1.000     1.000
  318      6.34     0.078     0.490       0.0   0.386E-03     1.000     0.000     1.000     1.000     1.000
  319      6.36     0.078     0.490       0.0   0.386E-03     1.000     0.000     1.000     1.000     1.000
  320      6.38     0.078     0.490       0.0   0.386E-03     1.000     0.000     1.000     1.000     1.000
  321      6.40     0.078     0.490       0.0   0.386E-03     1.000     0.000     1.000     1.000     1.000
  322      6.42     0.078     0.490       0.0   0.386E-03     1.000     0.000     1.000     1.000     1.000
  323      6.44     0.078     0.490       0.0   0.386E-03     1.000     0.000     1.000     1.000     1.000
  324      6.46     0.078     0.490       0.0   0.386E-03     1.000     0.000     1.000     1.000     1.000
  325      6.48     0.078     0.490       0.0   0.386E-03     1.000     0.000     1.000     1.000     1.000
  326      6.50     0.078     0.490       0.0   0.386E-03     1.000     0.000     1.000     1.000     1.000
  327      6.52     0.078     0.490       0.0   0.386E-03     1.000     0.000     1.000     1.000     1.000
  328      6.54     0.078     0.490       0.0   0.386E-03     1.000     0.000     1.000     1.000     1.000
  329      6.56     0.078     0.490       0.0   0.386E-03     1.000     0.000     1.000     1.000     1.000
  330      6.58     0.078     0.490       0.0   0.386E-03     1.000     0.000     1.000     1.000     1.000
  331      6.60     0.078     0.490       0.0   0.386E-03     1.000     0.000     1.000     1.000     1.000
  332      6.62     0.078     0.490       0.0   0.386E-03     1.000     0.000     1.000     1.000     1.000
  333      6.64     0.078     0.490       0.0   0.386E-03     1.000     0.000     1.000     1.000     1.000
  334      6.66     0.078     0.490       0.0   0.386E-03     1.000     0.000     1.000     1.000     1.000
  335      6.68     0.078     0.490       0.0   0.386E-03     1.000     0.000     1.000     1.000     1.000
  336      6.70     0.078     0.490       0.0   0.386E-03     1.000     0.000     1.000     1.000     1.000
  337      6.72     0.078     0.490       0.0   0.386E-03     1.000     0.000     1.000     1.000     1.000
  338      6.74     0.078     0.490       0.0   0.386E-03     1.000     0.000     1.000     1.000     1.000
  339      6.76     0.078     0.490       0.0   0.386E-03     1.000     0.000     1.000     1.000     1.000
  340      6.78     0.078     0.490       0.0   0.386E-03     1.000     0.000     1.000     1.000     1.000
  341      6.80     0.078     0.490       0.0   0.386E-03     1.000     0.000     1.000     1.000     1.000
  342      6.82     0.078     0.490       0.0   0.386E-03     1.000     0.000     1.000     1.000     1.000
  343      6.84     0.078     0.490       0.0   0.386E-03     1.000     0.000     1.000     1.000     1.000
  344      6.86     0.078     0.490       0.0   0.386E-03     1.000     0.000     1.000     1.000     1.000
  345      6.88     0.078     0.490       0.0   0.386E-03     1.000     0.000     1.000     1.000     1.000
  346      6.90     0.078     0.490       0.0   0.386E-03     1.000     0.000     1.000     1.000     1.000
  347      6.92     0.078     0.490       0.0   0.386E-03     1.000     0.000     1.000     1.000     1.000
  348      6.94     0.078     0.490       0.0   0.386E-03     1.000     0.000     1.000     1.000     1.000
  349      6.96     0.078     0.490       0.0   0.386E-03     1.000     0.000     1.000     1.000     1.000
  350      6.98     0.078     0.490       0.0   0.386E-03     1.000     0.000     1.000     1.000     1.000
  351      7.00     0.078     0.490       0.0   0.386E-03     1.000     0.000     1.000     1.000     1.000
  352      7.02     0.078     0.490       0.0   0.386E-03     1.000     0.000     1.000     1.000     1.000
  353      7.04     0.078     0.490       0.0   0.386E-03     1.000     0.000     1.000     1.000     1.000
  354      7.06     0.078     0.490       0.0   0.386E-03     1.000     0.000     1.000     1.000     1.000
  355      7.08     0.078     0.490       0.0   0.386E-03     1.000     0.000     1.000     1.000     1.000
  356      7.10     0.078     0.490       0.0   0.386E-03     1.000     0.000     1.000     1.000     1.000
  357      7.12     0.078     0.490       0.0   0.386E-03     1.000     0.000     1.000     1.000     1.000
  358      7.14     0.078     0.490       0.0   0.386E-03     1.000     0.000     1.000     1.000     1.000
  359      7.16     0.078     0.490       0.0   0.386E-03     1.000     0.000     1.000     1.000     1.000
  360      7.18     0.078     0.490       0.0   0.386E-03     1.000     0.000     1.000     1.000     1.000
  361      7.20     0.078     0.490       0.0   0.386E-03     1.000     0.000     1.000     1.000     1.000
  362      7.22     0.078     0.490       0.0   0.386E-03     1.000     0.000     1.000     1.000     1.000
  363      7.24     0.078     0.490       0.0   0.386E-03     1.000     0.000     1.000     1.000     1.000
  364      7.26     0.078     0.490       0.0   0.386E-03     1.000     0.000     1.000     1.000     1.000
  365      7.28     0.078     0.490       0.0   0.386E-03     1.000     0.000     1.000     1.000     1.000
  366      7.30     0.078     0.490       0.0   0.386E-03     1.000     0.000     1.000     1.000     1.000
  367      7.32     0.078     0.490       0.0   0.386E-03     1.000     0.000     1.000     1.000     1.000
  368      7.34     0.078     0.490       0.0   0.386E-03     1.000     0.000     1.000     1.000     1.000
  369      7.36     0.078     0.490       0.0   0.386E-03     1.000     0.000     1.000     1.000     1.000
  370      7.38     0.078     0.490       0.0   0.386E-03     1.000     0.000     1.000     1.000     1.000
  371      7.40     0.078     0.490       0.0   0.386E-03     1.000     0.000     1.000     1.000     1.000
  372      7.42     0.078     0.490       0.0   0.386E-03     1.000     0.000     1.000     1.000     1.000
  373      7.44     0.078     0.490       0.0   0.386E-03     1.000     0.000     1.000     1.000     1.000
  374      7.46     0.078     0.490       0.0   0.386E-03     1.000     0.000     1.000     1.000     1.000
  375      7.48     0.078     0.490       0.0   0.386E-03     1.000     0.000     1.000     1.000     1.000
  376      7.50     0.078     0.490       0.0   0.386E-03     1.000     0.000     1.000     1.000     1.000
  377      7.52     0.078     0.490       0.0   0.386E-03     1.000     0.000     1.000     1.000     1.000
  378      7.54     0.078     0.490       0.0   0.386E-03     1.000     0.000     1.000     1.000     1.000
  379      7.56     0.078     0.490       0.0   0.386E-03     1.000     0.000     1.000     1.000     1.000
  380      7.58     0.078     0.490       0.0   0.386E-03     1.000     0.000     1.000     1.000     1.000
  381      7.60     0.078     0.490       0.0   0.386E-03     1.000     0.000     1.000     1.000     1.000
  382      7.62     0.078     0.490       0.0   0.386E-03     1.000     0.000     1.000     1.000     1.000
  383      7.64     0.078     0.490       0.0   0.386E-03     1.000     0.000     1.000     1.000     1.000
  384      7.66     0.078     0.490       0.0   0.386E-03     1.000     0.000     1.000     1.000     1.000
  385      7.68     0.078     0.490       0.0   0.386E-03     1.000     0.000     1.000     1.000     1.000
  386      7.70     0.078     0.490       0.0   0.386E-03     1.000     0.000     1.000     1.000     1.000
  387      7.72     0.078     0.490       0.0   0.386E-03     1.000     0.000     1.000     1.000     1.000
  388      7.74     0.078     0.490       0.0   0.386E-03     1.000     0.000     1.000     1.000     1.000
  389      7.76     0.078     0.490       0.0   0.386E-03     1.000     0.000     1.000     1.000     1.000
  390      7.78     0.078     0.490       0.0   0.386E-03     1.000     0.000     1.000     1.000     1.000
  391      7.80     0.078     0.490       0.0   0.386E-03     1.000     0.000     1.000     1.000     1.000
  392      7.82     0.078     0.490       0.0   0.386E-03     1.000     0.000     1.000     1.000     1.000
  393      7.84     0.078     0.490       0.0   0.386E-03     1.000     0.000     1.000     1.000     1.000
  394      7.86     0.078     0.490       0.0   0.386E-03     1.000     0.000     1.000     1.000     1.000
  395      7.88     0.078     0.490       0.0   0.386E-03     1.000     0.000     1.000     1.000     1.000
  396      7.90     0.078     0.490       0.0   0.386E-03     1.000     0.000     1.000     1.000     1.000
  397      7.92     0.078     0.490       0.0   0.386E-03     1.000     0.000     1.000     1.000     1.000
  398      7.94     0.078     0.490       0.0   0.386E-03     1.000     0.000     1.000     1.000     1.000
  399      7.96     0.078     0.490       0.0   0.386E-03     1.000     0.000     1.000     1.000     1.000
  400      7.98     0.078     0.490       0.0   0.386E-03     1.000     0.000     1.000     1.000     1.000
  401      8.00     0.078     0.490       0.0   0.386E-03     1.000     0.000     1.000     1.000     1.000
  402      8.02     0.078     0.490       0.0   0.386E-03     1.000     0.000     1.000     1.000     1.000
  403      8.04     0.078     0.490       0.0   0.386E-03     1.000     0.000     1.000     1.000     1.000
  404      8.06     0.078     0.490       0.0   0.386E-03     1.000     0.000     1.000     1.000     1.000
  405      8.08     0.078     0.490       0.0   0.386E-03     1.000     0.000     1.000     1.000     1.000
  406      8.10     0.078     0.490       0.0   0.386E-03     1.000     0.000     1.000     1.000     1.000
  407      8.12     0.078     0.490       0.0   0.386E-03     1.000     0.000     1.000     1.000     1.000
  408      8.14     0.078     0.490       0.0   0.386E-03     1.000     0.000     1.000     1.000     1.000
  409      8.16     0.078     0.490       0.0   0.386E-03     1.000     0.000     1.000     1.000     1.000
  410      8.18     0.078     0.490       0.0   0.386E-03     1.000     0.000     1.000     1.000     1.000
  411      8.20     0.078     0.490       0.0   0.386E-03     1.000     0.000     1.000     1.000     1.000
  412      8.22     0.078     0.490       0.0   0.386E-03     1.000     0.000     1.000     1.000     1.000
  413      8.24     0.078     0.490       0.0   0.386E-03     1.000     0.000     1.000     1.000     1.000
  414      8.26     0.078     0.490       0.0   0.386E-03     1.000     0.000     1.000     1.000     1.000
  415      8.28     0.078     0.490       0.0   0.386E-03     1.000     0.000     1.000     1.000     1.000
  416      8.30     0.078     0.490       0.0   0.386E-03     1.000     0.000     1.000     1.000     1.000
  417      8.32     0.078     0.490       0.0   0.386E-03     1.000     0.000     1.000     1.000     1.000
  418      8.34     0.078     0.490       0.0   0.386E-03     1.000     0.000     1.000     1.000     1.000
  419      8.36     0.078     0.490       0.0   0.386E-03     1.000     0.000     1.000     1.000     1.000
  420      8.38     0.078     0.490       0.0   0.386E-03     1.000     0.000     1.000     1.000     1.000
  421      8.40     0.078     0.490       0.0   0.386E-03     1.000     0.000     1.000     1.000     1.000
  422      8.42     0.078     0.490       0.0   0.386E-03     1.000     0.000     1.000     1.000     1.000
  423      8.44     0.078     0.490       0.0   0.386E-03     1.000     0.000     1.000     1.000     1.000
  424      8.46     0.078     0.490       0.0   0.386E-03     1.000     0.000     1.000     1.000     1.000
  425      8.48     0.078     0.490       0.0   0.386E-03     1.000     0.000     1.000     1.000     1.000
  426      8.50     0.078     0.490       0.0   0.386E-03     1.000     0.000     1.000     1.000     1.000
  427      8.52     0.078     0.490       0.0   0.386E-03     1.000     0.000     1.000     1.000     1.000
  428      8.54     0.078     0.490       0.0   0.386E-03     1.000     0.000     1.000     1.000     1.000
  429      8.56     0.078     0.490       0.0   0.386E-03     1.000     0.000     1.000     1.000     1.000
  430      8.58     0.078     0.490       0.0   0.386E-03     1.000     0.000     1.000     1.000     1.000
  431      8.60     0.078     0.490       0.0   0.386E-03     1.000     0.000     1.000     1.000     1.000
  432      8.62     0.078     0.490       0.0   0.386E-03     1.000     0.000     1.000     1.000     1.000
  433      8.64     0.078     0.490       0.0   0.386E-03     1.000     0.000     1.000     1.000     1.000
  434      8.66     0.078     0.490       0.0   0.386E-03     1.000     0.000     1.000     1.000     1.000
  435      8.68     0.078     0.490       0.0   0.386E-03     1.000     0.000     1.000     1.000     1.000
  436      8.70     0.078     0.490       0.0   0.386E-03     1.000     0.000     1.000     1.000     1.000
  437      8.72     0.078     0.490       0.0   0.386E-03     1.000     0.000     1.000     1.000     1.000
  438      8.74     0.078     0.490       0.0   0.386E-03     1.000     0.000     1.000     1.000     1.000
  439      8.76     0.078     0.490       0.0   0.386E-03     1.000     0.000     1.000     1.000     1.000
  440      8.78     0.078     0.490       0.0   0.386E-03     1.000     0.000     1.000     1.000     1.000
  441      8.80     0.078     0.490       0.0   0.386E-03     1.000     0.000     1.000     1.000     1.000
  442      8.82     0.078     0.490       0.0   0.386E-03     1.000     0.000     1.000     1.000     1.000
  443      8.84     0.078     0.490       0.0   0.386E-03     1.000     0.000     1.000     1.000     1.000
  444      8.86     0.078     0.490       0.0   0.386E-03     1.000     0.000     1.000     1.000     1.000
  445      8.88     0.078     0.490       0.0   0.386E-03     1.000     0.000     1.000     1.000     1.000
  446      8.90     0.078     0.490       0.0   0.386E-03     1.000     0.000     1.000     1.000     1.000
  447      8.92     0.078     0.490       0.0   0.386E-03     1.000     0.000     1.000     1.000     1.000
  448      8.94     0.078     0.490       0.0   0.386E-03     1.000     0.000     1.000     1.000     1.000
  449      8.96     0.078     0.490       0.0   0.386E-03     1.000     0.000     1.000     1.000     1.000
  450      8.98     0.078     0.490       0.0   0.386E-03     1.000     0.000     1.000     1.000     1.000
  451      9.00     0.078     0.490       0.0   0.386E-03     1.000     0.000     1.000     1.000     1.000
  452      9.02     0.078     0.490       0.0   0.386E-03     1.000     0.000     1.000     1.000     1.000
  453      9.04     0.078     0.490       0.0   0.386E-03     1.000     0.000     1.000     1.000     1.000
  454      9.06     0.078     0.490       0.0   0.386E-03     1.000     0.000     1.000     1.000     1.000
  455      9.08     0.078     0.490       0.0   0.386E-03     1.000     0.000     1.000     1.000     1.000
  456      9.10     0.078     0.490       0.0   0.386E-03     1.000     0.000     1.000     1.000     1.000
  457      9.12     0.078     0.490       0.0   0.386E-03     1.000     0.000     1.000     1.000     1.000
  458      9.14     0.078     0.490       0.0   0.386E-03     1.000     0.000     1.000     1.000     1.000
  459      9.16     0.078     0.490       0.0   0.386E-03     1.000     0.000     1.000     1.000     1.000
  460      9.18     0.078     0.490       0.0   0.386E-03     1.000     0.000     1.000     1.000     1.000
  461      9.20     0.078     0.490       0.0   0.386E-03     1.000     0.000     1.000     1.000     1.000
  462      9.22     0.078     0.490       0.0   0.386E-03     1.000     0.000     1.000     1.000     1.000
  463      9.24     0.078     0.490       0.0   0.386E-03     1.000     0.000     1.000     1.000     1.000
  464      9.26     0.078     0.490       0.0   0.386E-03     1.000     0.000     1.000     1.000     1.000
  465      9.28     0.078     0.490       0.0   0.386E-03     1.000     0.000     1.000     1.000     1.000
  466      9.30     0.078     0.490       0.0   0.386E-03     1.000     0.000     1.000     1.000     1.000
  467      9.32     0.078     0.490       0.0   0.386E-03     1.000     0.000     1.000     1.000     1.000
  468      9.34     0.078     0.490       0.0   0.386E-03     1.000     0.000     1.000     1.000     1.000
  469      9.36     0.078     0.490       0.0   0.386E-03     1.000     0.000     1.000     1.000     1.000
  470      9.38     0.078     0.490       0.0   0.386E-03     1.000     0.000     1.000     1.000     1.000
  471      9.40     0.078     0.490       0.0   0.386E-03     1.000     0.000     1.000     1.000     1.000
  472      9.42     0.078     0.490       0.0   0.386E-03     1.000     0.000     1.000     1.000     1.000
  473      9.44     0.078     0.490       0.0   0.386E-03     1.000     0.000     1.000     1.000     1.000
  474      9.46     0.078     0.490       0.0   0.386E-03     1.000     0.000     1.000     1.000     1.000
  475      9.48     0.078     0.490       0.0   0.386E-03     1.000     0.000     1.000     1.000     1.000
  476      9.50     0.078     0.490       0.0   0.386E-03     1.000     0.000     1.000     1.000     1.000
  477      9.52     0.078     0.490       0.0   0.386E-03     1.000     0.000     1.000     1.000     1.000
  478      9.54     0.078     0.490       0.0   0.386E-03     1.000     0.000     1.000     1.000     1.000
  479      9.56     0.078     0.490       0.0   0.386E-03     1.000     0.000     1.000     1.000     1.000
  480      9.58     0.078     0.490       0.0   0.386E-03     1.000     0.000     1.000     1.000     1.000
  481      9.60     0.078     0.490       0.0   0.386E-03     1.000     0.000     1.000     1.000     1.000
  482      9.62     0.078     0.490       0.0   0.386E-03     1.000     0.000     1.000     1.000     1.000
  483      9.64     0.078     0.490       0.0   0.386E-03     1.000     0.000     1.000     1.000     1.000
  484      9.66     0.078     0.490       0.0   0.386E-03     1.000     0.000     1.000     1.000     1.000
  485      9.68     0.078     0.490       0.0   0.386E-03     1.000     0.000     1.000     1.000     1.000
  486      9.70     0.078     0.490       0.0   0.386E-03     1.000     0.000     1.000     1.000     1.000
  487      9.72     0.078     0.490       0.0   0.386E-03     1.000     0.000     1.000     1.000     1.000
  488      9.74     0.078     0.490       0.0   0.386E-03     1.000     0.000     1.000     1.000     1.000
  489      9.76     0.078     0.490       0.0   0.386E-03     1.000     0.000     1.000     1.000     1.000
  490      9.78     0.078     0.490       0.0   0.386E-03     1.000     0.000     1.000     1.000     1.000
  491      9.80     0.078     0.490       0.0   0.386E-03     1.000     0.000     1.000     1.000     1.000
  492      9.82     0.078     0.490       0.0   0.386E-03     1.000     0.000     1.000     1.000     1.000
  493      9.84     0.078     0.490       0.0   0.386E-03     1.000     0.000     1.000     1.000     1.000
  494      9.86     0.078     0.490       0.0   0.386E-03     1.000     0.000     1.000     1.000     1.000
  495      9.88     0.078     0.490       0.0   0.386E-03     1.000     0.000     1.000     1.000     1.000
  496      9.90     0.078     0.490       0.0   0.386E-03     1.000     0.000     1.000     1.000     1.000
  497      9.92     0.078     0.490       0.0   0.386E-03     1.000     0.000     1.000     1.000     1.000
  498      9.94     0.078     0.490       0.0   0.386E-03     1.000     0.000     1.000     1.000     1.000
  499      9.96     0.078     0.490       0.0   0.386E-03     1.000     0.000     1.000     1.000     1.000
  500      9.98     0.078     0.490       0.0   0.386E-03     1.000     0.000     1.000     1.000     1.000
  501     10.00     0.078     0.490       0.0   0.386E-03     1.000     0.000     1.000     1.000     1.000
end
