 ******* Program HYDRUS
 ******* 
 Welcome to HYDRUS-1D                                                    
 Date:   3. 4.    Time:  11:31:16
 Units: L = cm   , T = sec  , M = g    

       Time          rTop        rRoot        vTop         vRoot        vBot       sum(rTop)   sum(rRoot)    sum(vTop)   sum(vRoot)    sum(vBot)      hTop         hRoot        hBot        RunOff    sum(RunOff)     Volume     sum(Infil)    sum(Evap) TLevel Cum(WTrans)  SnowLayer
        [T]         [L/T]        [L/T]        [L/T]        [L/T]        [L/T]         [L]          [L]          [L]         [L]           [L]         [L]           [L]         [L]          [L/T]         [L]          [L]          [L]          [L]

       0.1000  0.00000E+00  0.00000E+00  0.00000E+00  0.00000E+00  0.00000E+00  0.00000E+00  0.00000E+00  0.00000E+00  0.00000E+00  0.00000E+00  0.40000E-01  0.00000E+00  0.10040E+02  0.00000E+00  0.00000E+00  0.49000E+01  0.00000E+00  0.00000E+00      1  0.00000E+00      0.000
       0.2200  0.00000E+00  0.00000E+00  0.00000E+00  0.00000E+00  0.00000E+00  0.00000E+00  0.00000E+00  0.00000E+00  0.00000E+00  0.00000E+00  0.40000E-01  0.00000E+00  0.10040E+02  0.00000E+00  0.00000E+00  0.49000E+01  0.00000E+00  0.00000E+00      2  0.00000E+00      0.000
       0.3500  0.00000E+00  0.00000E+00  0.00000E+00  0.00000E+00  0.00000E+00  0.00000E+00  0.00000E+00  0.00000E+00  0.00000E+00  0.00000E+00  0.40000E-01  0.00000E+00  0.10040E+02  0.00000E+00  0.00000E+00  0.49000E+01  0.00000E+00  0.00000E+00      3  0.00000E+00      0.000
       0.5125  0.00000E+00  0.00000E+00  0.00000E+00  0.00000E+00  0.00000E+00  0.00000E+00  0.00000E+00  0.00000E+00  0.00000E+00  0.00000E+00  0.40000E-01  0.00000E+00  0.10040E+02  0.00000E+00  0.00000E+00  0.49000E+01  0.00000E+00  0.00000E+00      4  0.00000E+00      0.000
       0.7562  0.00000E+00  0.00000E+00  0.00000E+00  0.00000E+00  0.00000E+00  0.00000E+00  0.00000E+00  0.00000E+00  0.00000E+00  0.00000E+00  0.40000E-01  0.00000E+00  0.10040E+02  0.00000E+00  0.00000E+00  0.49000E+01  0.00000E+00  0.00000E+00      5  0.00000E+00      0.000
       1.0000  0.00000E+00  0.00000E+00  0.00000E+00  0.00000E+00  0.00000E+00  0.00000E+00  0.00000E+00  0.00000E+00  0.00000E+00  0.00000E+00  0.40000E-01  0.00000E+00  0.10040E+02  0.00000E+00  0.00000E+00  0.49000E+01  0.00000E+00  0.00000E+00      6  0.00000E+00      0.000
       1.2856  0.00000E+00  0.00000E+00  0.00000E+00  0.00000E+00  0.00000E+00  0.00000E+00  0.00000E+00  0.00000E+00  0.00000E+00  0.00000E+00  0.40000E-01  0.00000E+00  0.10040E+02  0.00000E+00  0.00000E+00  0.49000E+01  0.00000E+00  0.00000E+00      7  0.00000E+00      0.000
       1.6569  0.00000E+00  0.00000E+00  0.00000E+00  0.00000E+00  0.00000E+00  0.00000E+00  0.00000E+00  0.00000E+00  0.00000E+00  0.00000E+00  0.40000E-01  0.00000E+00  0.10040E+02  0.00000E+00  0.00000E+00  0.49000E+01  0.00000E+00  0.00000E+00      8  0.00000E+00      0.000
       2.1396  0.00000E+00  0.00000E+00  0.00000E+00  0.00000E+00  0.00000E+00  0.00000E+00  0.00000E+00  0.00000E+00  0.00000E+00  0.00000E+00  0.40000E-01  0.00000E+00  0.10040E+02  0.00000E+00  0.00000E+00  0.49000E+01  0.00000E+00  0.00000E+00      9  0.00000E+00      0.000
       2.7671  0.00000E+00  0.00000E+00  0.00000E+00  0.00000E+00  0.00000E+00  0.00000E+00  0.00000E+00  0.00000E+00  0.00000E+00  0.00000E+00  0.40000E-01  0.00000E+00  0.10040E+02  0.00000E+00  0.00000E+00  0.49000E+01  0.00000E+00  0.00000E+00     10  0.00000E+00      0.000
       3.5828  0.00000E+00  0.00000E+00  0.00000E+00  0.00000E+00  0.00000E+00  0.00000E+00  0.00000E+00  0.00000E+00  0.00000E+00  0.00000E+00  0.40000E-01  0.00000E+00  0.10040E+02  0.00000E+00  0.00000E+00  0.49000E+01  0.00000E+00  0.00000E+00     11  0.00000E+00      0.000
       4.6432  0.00000E+00  0.00000E+00  0.00000E+00  0.00000E+00  0.00000E+00  0.00000E+00  0.00000E+00  0.00000E+00  0.00000E+00  0.00000E+00  0.40000E-01  0.00000E+00  0.10040E+02  0.00000E+00  0.00000E+00  0.49000E+01  0.00000E+00  0.00000E+00     12  0.00000E+00      0.000
       6.0218  0.00000E+00  0.00000E+00  0.00000E+00  0.00000E+00  0.00000E+00  0.00000E+00  0.00000E+00  0.00000E+00  0.00000E+00  0.00000E+00  0.40000E-01  0.00000E+00  0.10040E+02  0.00000E+00  0.00000E+00  0.49000E+01  0.00000E+00  0.00000E+00     13  0.00000E+00      0.000
       7.8140  0.00000E+00  0.00000E+00  0.00000E+00  0.00000E+00  0.00000E+00  0.00000E+00  0.00000E+00  0.00000E+00  0.00000E+00  0.00000E+00  0.40000E-01  0.00000E+00  0.10040E+02  0.00000E+00  0.00000E+00  0.49000E+01  0.00000E+00  0.00000E+00     14  0.00000E+00      0.000
      10.1438  0.00000E+00  0.00000E+00  0.00000E+00  0.00000E+00  0.00000E+00  0.00000E+00  0.00000E+00  0.00000E+00  0.00000E+00  0.00000E+00  0.40000E-01  0.00000E+00  0.10040E+02  0.00000E+00  0.00000E+00  0.49000E+01  0.00000E+00  0.00000E+00     15  0.00000E+00      0.000
      13.1726  0.00000E+00  0.00000E+00  0.00000E+00  0.00000E+00  0.00000E+00  0.00000E+00  0.00000E+00  0.00000E+00  0.00000E+00  0.00000E+00  0.40000E-01  0.00000E+00  0.10040E+02  0.00000E+00  0.00000E+00  0.49000E+01  0.00000E+00  0.00000E+00     16  0.00000E+00      0.000
      17.1099  0.00000E+00  0.00000E+00  0.00000E+00  0.00000E+00  0.00000E+00  0.00000E+00  0.00000E+00  0.00000E+00  0.00000E+00  0.00000E+00  0.40000E-01  0.00000E+00  0.10040E+02  0.00000E+00  0.00000E+00  0.49000E+01  0.00000E+00  0.00000E+00     17  0.00000E+00      0.000
      22.2285  0.00000E+00  0.00000E+00  0.00000E+00  0.00000E+00  0.00000E+00  0.00000E+00  0.00000E+00  0.00000E+00  0.00000E+00  0.00000E+00  0.40000E-01  0.00000E+00  0.10040E+02  0.00000E+00  0.00000E+00  0.49000E+01  0.00000E+00  0.00000E+00     18  0.00000E+00      0.000
      28.8827  0.00000E+00  0.00000E+00  0.00000E+00  0.00000E+00  0.00000E+00  0.00000E+00  0.00000E+00  0.00000E+00  0.00000E+00  0.00000E+00  0.40000E-01  0.00000E+00  0.10040E+02  0.00000E+00  0.00000E+00  0.49000E+01  0.00000E+00  0.00000E+00     19  0.00000E+00      0.000
      37.5331  0.00000E+00  0.00000E+00  0.00000E+00  0.00000E+00  0.00000E+00  0.00000E+00  0.00000E+00  0.00000E+00  0.00000E+00  0.00000E+00  0.40000E-01  0.00000E+00  0.10040E+02  0.00000E+00  0.00000E+00  0.49000E+01  0.00000E+00  0.00000E+00     20  0.00000E+00      0.000
      48.7786  0.00000E+00  0.00000E+00  0.00000E+00  0.00000E+00  0.00000E+00  0.00000E+00  0.00000E+00  0.00000E+00  0.00000E+00  0.00000E+00  0.40000E-01  0.00000E+00  0.10040E+02  0.00000E+00  0.00000E+00  0.49000E+01  0.00000E+00  0.00000E+00     21  0.00000E+00      0.000
      63.3978  0.00000E+00  0.00000E+00  0.00000E+00  0.00000E+00  0.00000E+00  0.00000E+00  0.00000E+00  0.00000E+00  0.00000E+00  0.00000E+00  0.40000E-01  0.00000E+00  0.10040E+02  0.00000E+00  0.00000E+00  0.49000E+01  0.00000E+00  0.00000E+00     22  0.00000E+00      0.000
      82.4028  0.00000E+00  0.00000E+00  0.00000E+00  0.00000E+00  0.00000E+00  0.00000E+00  0.00000E+00  0.00000E+00  0.00000E+00  0.00000E+00  0.40000E-01  0.00000E+00  0.10040E+02  0.00000E+00  0.00000E+00  0.49000E+01  0.00000E+00  0.00000E+00     23  0.00000E+00      0.000
     107.1092  0.00000E+00  0.00000E+00  0.00000E+00  0.00000E+00  0.00000E+00  0.00000E+00  0.00000E+00  0.00000E+00  0.00000E+00  0.00000E+00  0.40000E-01  0.00000E+00  0.10040E+02  0.00000E+00  0.00000E+00  0.49000E+01  0.00000E+00  0.00000E+00     24  0.00000E+00      0.000
     139.2276  0.00000E+00  0.00000E+00  0.00000E+00  0.00000E+00  0.00000E+00  0.00000E+00  0.00000E+00  0.00000E+00  0.00000E+00  0.00000E+00  0.40000E-01  0.00000E+00  0.10040E+02  0.00000E+00  0.00000E+00  0.49000E+01  0.00000E+00  0.00000E+00     25  0.00000E+00      0.000
     180.9814  0.00000E+00  0.00000E+00  0.00000E+00  0.00000E+00  0.00000E+00  0.00000E+00  0.00000E+00  0.00000E+00  0.00000E+00  0.00000E+00  0.40000E-01  0.00000E+00  0.10040E+02  0.00000E+00  0.00000E+00  0.49000E+01  0.00000E+00  0.00000E+00     26  0.00000E+00      0.000
     235.2614  0.00000E+00  0.00000E+00  0.00000E+00  0.00000E+00  0.00000E+00  0.00000E+00  0.00000E+00  0.00000E+00  0.00000E+00  0.00000E+00  0.40000E-01  0.00000E+00  0.10040E+02  0.00000E+00  0.00000E+00  0.49000E+01  0.00000E+00  0.00000E+00     27  0.00000E+00      0.000
     305.8255  0.00000E+00  0.00000E+00  0.00000E+00  0.00000E+00  0.00000E+00  0.00000E+00  0.00000E+00  0.00000E+00  0.00000E+00  0.00000E+00  0.40000E-01  0.00000E+00  0.10040E+02  0.00000E+00  0.00000E+00  0.49000E+01  0.00000E+00  0.00000E+00     28  0.00000E+00      0.000
     397.5587  0.00000E+00  0.00000E+00  0.00000E+00  0.00000E+00  0.00000E+00  0.00000E+00  0.00000E+00  0.00000E+00  0.00000E+00  0.00000E+00  0.40000E-01  0.00000E+00  0.10040E+02  0.00000E+00  0.00000E+00  0.49000E+01  0.00000E+00  0.00000E+00     29  0.00000E+00      0.000
     516.8119  0.00000E+00  0.00000E+00  0.00000E+00  0.00000E+00  0.00000E+00  0.00000E+00  0.00000E+00  0.00000E+00  0.00000E+00  0.00000E+00  0.40000E-01  0.00000E+00  0.10040E+02  0.00000E+00  0.00000E+00  0.49000E+01  0.00000E+00  0.00000E+00     30  0.00000E+00      0.000
     677.2104  0.00000E+00  0.00000E+00  0.00000E+00  0.00000E+00  0.00000E+00  0.00000E+00  0.00000E+00  0.00000E+00  0.00000E+00  0.00000E+00  0.40000E-01  0.00000E+00  0.10040E+02  0.00000E+00  0.00000E+00  0.49000E+01  0.00000E+00  0.00000E+00     31  0.00000E+00      0.000
     864.3420  0.00000E+00  0.00000E+00  0.00000E+00  0.00000E+00  0.00000E+00  0.00000E+00  0.00000E+00  0.00000E+00  0.00000E+00  0.00000E+00  0.40000E-01  0.00000E+00  0.10040E+02  0.00000E+00  0.00000E+00  0.49000E+01  0.00000E+00  0.00000E+00     32  0.00000E+00      0.000
    1098.2565  0.00000E+00  0.00000E+00  0.00000E+00  0.00000E+00  0.00000E+00  0.00000E+00  0.00000E+00  0.00000E+00  0.00000E+00  0.00000E+00  0.40000E-01  0.00000E+00  0.10040E+02  0.00000E+00  0.00000E+00  0.49000E+01  0.00000E+00  0.00000E+00     33  0.00000E+00      0.000
    1449.1283  0.00000E+00  0.00000E+00  0.00000E+00  0.00000E+00  0.00000E+00  0.00000E+00  0.00000E+00  0.00000E+00  0.00000E+00  0.00000E+00  0.40000E-01  0.00000E+00  0.10040E+02  0.00000E+00  0.00000E+00  0.49000E+01  0.00000E+00  0.00000E+00     34  0.00000E+00      0.000
    1800.0000  0.00000E+00  0.00000E+00  0.00000E+00  0.00000E+00  0.00000E+00  0.00000E+00  0.00000E+00  0.00000E+00  0.00000E+00  0.00000E+00  0.40000E-01  0.00000E+00  0.10040E+02  0.00000E+00  0.00000E+00  0.49000E+01  0.00000E+00  0.00000E+00     35  0.00000E+00      0.000
    2265.0000  0.00000E+00  0.00000E+00  0.00000E+00  0.00000E+00  0.00000E+00  0.00000E+00  0.00000E+00  0.00000E+00  0.00000E+00  0.00000E+00  0.40000E-01  0.00000E+00  0.10040E+02  0.00000E+00  0.00000E+00  0.49000E+01  0.00000E+00  0.00000E+00     36  0.00000E+00      0.000
    2962.5000  0.00000E+00  0.00000E+00  0.00000E+00  0.00000E+00  0.00000E+00  0.00000E+00  0.00000E+00  0.00000E+00  0.00000E+00  0.00000E+00  0.40000E-01  0.00000E+00  0.10040E+02  0.00000E+00  0.00000E+00  0.49000E+01  0.00000E+00  0.00000E+00     37  0.00000E+00      0.000
    3660.0000  0.00000E+00  0.00000E+00  0.00000E+00  0.00000E+00  0.00000E+00  0.00000E+00  0.00000E+00  0.00000E+00  0.00000E+00  0.00000E+00  0.40000E-01  0.00000E+00  0.10040E+02  0.00000E+00  0.00000E+00  0.49000E+01  0.00000E+00  0.00000E+00     38  0.00000E+00      0.000
end
