 ******* Program HYDRUS
 ******* 
 Welcome to HYDRUS-1D                                                    
 Date:  19. 3.    Time:  14:27:44
 Units: L = cm   , T = sec  , M = g    

----------------------------------------------------------
 Time       [T]        0.0000
----------------------------------------------------------
 Sub-region num.                     1
----------------------------------------------------------
 Length   [L]        0.10000E+02  0.10000E+02
 W-volume [L]        0.53000E+01  0.53000E+01
 In-flow  [L/T]      0.00000E+00  0.00000E+00
 h Mean   [L]       -0.23536E-06 -0.23536E-06
 ConcVol  [M/L2] 1   0.18868E-01  0.18868E-01
 cMean    [M/L3] 1   0.35600E-02  0.35600E-02
 Top Flux [L/T]     -0.76400E-03
 Bot Flux [L/T]     -0.76400E-03
----------------------------------------------------------

----------------------------------------------------------
 Time       [T]     1800.0000
----------------------------------------------------------
 Sub-region num.                     1
----------------------------------------------------------
 Length   [L]        0.10000E+02  0.10000E+02
 W-volume [L]        0.53000E+01  0.53000E+01
 In-flow  [L/T]      0.00000E+00  0.00000E+00
 h Mean   [L]        0.50400E+01  0.50400E+01
 ConcVol  [M/L2] 1   0.18518E-01  0.18518E-01
 cMean    [M/L3] 1   0.34939E-02  0.34939E-02
 Top Flux [L/T]      0.00000E+00
 Bot Flux [L/T]      0.00000E+00
 WatBalT  [L]        0.00000E+00
 WatBalR  [%]              0.000
 CncBalT  [M]    1  -0.48312E-08
 CncBalR  [%]    1         0.001
----------------------------------------------------------

----------------------------------------------------------
 Time       [T]     2700.0000
----------------------------------------------------------
 Sub-region num.                     1
----------------------------------------------------------
 Length   [L]        0.10000E+02  0.10000E+02
 W-volume [L]        0.53000E+01  0.53000E+01
 In-flow  [L/T]      0.00000E+00  0.00000E+00
 h Mean   [L]        0.50400E+01  0.50400E+01
 ConcVol  [M/L2] 1   0.18440E-01  0.18440E-01
 cMean    [M/L3] 1   0.34791E-02  0.34791E-02
 Top Flux [L/T]      0.00000E+00
 Bot Flux [L/T]      0.00000E+00
 WatBalT  [L]        0.00000E+00
 WatBalR  [%]              0.000
 CncBalT  [M]    1  -0.85856E-08
 CncBalR  [%]    1         0.002
----------------------------------------------------------

----------------------------------------------------------
 Time       [T]     3660.0000
----------------------------------------------------------
 Sub-region num.                     1
----------------------------------------------------------
 Length   [L]        0.10000E+02  0.10000E+02
 W-volume [L]        0.53000E+01  0.53000E+01
 In-flow  [L/T]      0.00000E+00  0.00000E+00
 h Mean   [L]        0.50400E+01  0.50400E+01
 ConcVol  [M/L2] 1   0.18369E-01  0.18369E-01
 cMean    [M/L3] 1   0.34659E-02  0.34659E-02
 Top Flux [L/T]      0.00000E+00
 Bot Flux [L/T]      0.00000E+00
 WatBalT  [L]        0.00000E+00
 WatBalR  [%]              0.000
 CncBalT  [M]    1  -0.10885E-07
 CncBalR  [%]    1         0.002
----------------------------------------------------------
 
 Calculation time [sec]  1.999998092651367E-002
