 ******* Program HYDRUS
 ******* 
 Welcome to HYDRUS-1D                                                    
 Date:  19. 3.    Time:  14:27:44
 Units: L = cm   , T = sec  , M = g    


    TLevel      Time           dt     ItrW ItrC    ItCum  KodT  KodB Converg  Peclet   Courant

        1  0.1000000E+00  0.10000E+00    2    1        2     3    -1     T     0.000     0.000
        2  0.2200000E+00  0.12000E+00    2    1        4     3    -1     T     0.000     0.000
        3  0.3500000E+00  0.13000E+00    2    1        6     3    -1     T     0.000     0.000
        4  0.5190000E+00  0.16900E+00    2    1        8     3    -1     T     0.000     0.000
        5  0.7387000E+00  0.21970E+00    2    1       10     3    -1     T     0.000     0.000
        6  0.1024310E+01  0.28561E+00    2    1       12     3    -1     T     0.000     0.000
        7  0.1395603E+01  0.37129E+00    2    1       14     3    -1     T     0.000     0.000
        8  0.1878284E+01  0.48268E+00    2    1       16     3    -1     T     0.000     0.000
        9  0.2505769E+01  0.62749E+00    2    1       18     3    -1     T     0.000     0.000
       10  0.3321499E+01  0.81573E+00    2    1       20     3    -1     T     0.000     0.000
       11  0.4381949E+01  0.10604E+01    2    1       22     3    -1     T     0.000     0.000
       12  0.5760533E+01  0.13786E+01    2    1       24     3    -1     T     0.000     0.000
       13  0.7552693E+01  0.17922E+01    2    1       26     3    -1     T     0.000     0.000
       14  0.9882500E+01  0.23298E+01    2    1       28     3    -1     T     0.000     0.000
       15  0.1291125E+02  0.30287E+01    2    1       30     3    -1     T     0.000     0.000
       16  0.1684862E+02  0.39374E+01    2    1       32     3    -1     T     0.000     0.000
       17  0.2196721E+02  0.51186E+01    2    1       34     3    -1     T     0.000     0.000
       18  0.2862137E+02  0.66542E+01    2    1       36     3    -1     T     0.000     0.000
       19  0.3727178E+02  0.86504E+01    2    1       38     3    -1     T     0.000     0.000
       20  0.4851732E+02  0.11246E+02    2    1       40     3    -1     T     0.000     0.000
       21  0.6313651E+02  0.14619E+02    2    1       42     3    -1     T     0.000     0.000
       22  0.8214146E+02  0.19005E+02    2    1       44     3    -1     T     0.000     0.000
       23  0.1068479E+03  0.24706E+02    2    1       46     3    -1     T     0.000     0.000
       24  0.1389663E+03  0.32118E+02    2    1       48     3    -1     T     0.000     0.000
       25  0.1807201E+03  0.41754E+02    2    1       50     3    -1     T     0.000     0.000
       26  0.2350001E+03  0.54280E+02    2    1       52     3    -1     T     0.000     0.000
       27  0.3055642E+03  0.70564E+02    2    1       54     3    -1     T     0.000     0.000
       28  0.3972974E+03  0.91733E+02    2    1       56     3    -1     T     0.000     0.000
       29  0.5165506E+03  0.11925E+03    2    1       58     3    -1     T     0.000     0.000
       30  0.6769818E+03  0.16043E+03    2    1       60     3    -1     T     0.000     0.000
       31  0.8641515E+03  0.18717E+03    2    1       62     3    -1     T     0.000     0.000
       32  0.1098114E+04  0.23396E+03    2    1       64     3    -1     T     0.000     0.000
       33  0.1449057E+04  0.35094E+03    2    1       66     3    -1     T     0.000     0.000
       34  0.1800000E+04  0.35094E+03    2    1       68     3    -1     T     0.000     0.000
       35  0.2250000E+04  0.45000E+03    2    1       70     3    -1     T     0.000     0.000
       36  0.2700000E+04  0.45000E+03    2    1       72     3    -1     T     0.000     0.000
       37  0.3180000E+04  0.48000E+03    2    1       74     3    -1     T     0.000     0.000
       38  0.3660000E+04  0.48000E+03    2    1       76     3    -1     T     0.000     0.000
end
