 ******* Program HYDRUS
 ******* 
 Welcome to HYDRUS-1D                                                    
 Date:  19. 3.    Time:  14:27:44
 Units: L = cm   , T = sec  , M = g    

       Time          rTop        rRoot        vTop         vRoot        vBot       sum(rTop)   sum(rRoot)    sum(vTop)   sum(vRoot)    sum(vBot)      hTop         hRoot        hBot        RunOff    sum(RunOff)     Volume     sum(Infil)    sum(Evap) TLevel Cum(WTrans)  SnowLayer
        [T]         [L/T]        [L/T]        [L/T]        [L/T]        [L/T]         [L]          [L]          [L]         [L]           [L]         [L]           [L]         [L]          [L/T]         [L]          [L]          [L]          [L]

       0.1000  0.00000E+00  0.00000E+00  0.00000E+00  0.00000E+00  0.00000E+00  0.00000E+00  0.00000E+00  0.00000E+00  0.00000E+00  0.00000E+00  0.40000E-01  0.00000E+00  0.10040E+02  0.00000E+00  0.00000E+00  0.53000E+01  0.00000E+00  0.00000E+00      1  0.00000E+00      0.000
       0.2200  0.00000E+00  0.00000E+00  0.00000E+00  0.00000E+00  0.00000E+00  0.00000E+00  0.00000E+00  0.00000E+00  0.00000E+00  0.00000E+00  0.40000E-01  0.00000E+00  0.10040E+02  0.00000E+00  0.00000E+00  0.53000E+01  0.00000E+00  0.00000E+00      2  0.00000E+00      0.000
       0.3500  0.00000E+00  0.00000E+00  0.00000E+00  0.00000E+00  0.00000E+00  0.00000E+00  0.00000E+00  0.00000E+00  0.00000E+00  0.00000E+00  0.40000E-01  0.00000E+00  0.10040E+02  0.00000E+00  0.00000E+00  0.53000E+01  0.00000E+00  0.00000E+00      3  0.00000E+00      0.000
       0.5190  0.00000E+00  0.00000E+00  0.00000E+00  0.00000E+00  0.00000E+00  0.00000E+00  0.00000E+00  0.00000E+00  0.00000E+00  0.00000E+00  0.40000E-01  0.00000E+00  0.10040E+02  0.00000E+00  0.00000E+00  0.53000E+01  0.00000E+00  0.00000E+00      4  0.00000E+00      0.000
       0.7387  0.00000E+00  0.00000E+00  0.00000E+00  0.00000E+00  0.00000E+00  0.00000E+00  0.00000E+00  0.00000E+00  0.00000E+00  0.00000E+00  0.40000E-01  0.00000E+00  0.10040E+02  0.00000E+00  0.00000E+00  0.53000E+01  0.00000E+00  0.00000E+00      5  0.00000E+00      0.000
       1.0243  0.00000E+00  0.00000E+00  0.00000E+00  0.00000E+00  0.00000E+00  0.00000E+00  0.00000E+00  0.00000E+00  0.00000E+00  0.00000E+00  0.40000E-01  0.00000E+00  0.10040E+02  0.00000E+00  0.00000E+00  0.53000E+01  0.00000E+00  0.00000E+00      6  0.00000E+00      0.000
       1.3956  0.00000E+00  0.00000E+00  0.00000E+00  0.00000E+00  0.00000E+00  0.00000E+00  0.00000E+00  0.00000E+00  0.00000E+00  0.00000E+00  0.40000E-01  0.00000E+00  0.10040E+02  0.00000E+00  0.00000E+00  0.53000E+01  0.00000E+00  0.00000E+00      7  0.00000E+00      0.000
       1.8783  0.00000E+00  0.00000E+00  0.00000E+00  0.00000E+00  0.00000E+00  0.00000E+00  0.00000E+00  0.00000E+00  0.00000E+00  0.00000E+00  0.40000E-01  0.00000E+00  0.10040E+02  0.00000E+00  0.00000E+00  0.53000E+01  0.00000E+00  0.00000E+00      8  0.00000E+00      0.000
       2.5058  0.00000E+00  0.00000E+00  0.00000E+00  0.00000E+00  0.00000E+00  0.00000E+00  0.00000E+00  0.00000E+00  0.00000E+00  0.00000E+00  0.40000E-01  0.00000E+00  0.10040E+02  0.00000E+00  0.00000E+00  0.53000E+01  0.00000E+00  0.00000E+00      9  0.00000E+00      0.000
       3.3215  0.00000E+00  0.00000E+00  0.00000E+00  0.00000E+00  0.00000E+00  0.00000E+00  0.00000E+00  0.00000E+00  0.00000E+00  0.00000E+00  0.40000E-01  0.00000E+00  0.10040E+02  0.00000E+00  0.00000E+00  0.53000E+01  0.00000E+00  0.00000E+00     10  0.00000E+00      0.000
       4.3819  0.00000E+00  0.00000E+00  0.00000E+00  0.00000E+00  0.00000E+00  0.00000E+00  0.00000E+00  0.00000E+00  0.00000E+00  0.00000E+00  0.40000E-01  0.00000E+00  0.10040E+02  0.00000E+00  0.00000E+00  0.53000E+01  0.00000E+00  0.00000E+00     11  0.00000E+00      0.000
       5.7605  0.00000E+00  0.00000E+00  0.00000E+00  0.00000E+00  0.00000E+00  0.00000E+00  0.00000E+00  0.00000E+00  0.00000E+00  0.00000E+00  0.40000E-01  0.00000E+00  0.10040E+02  0.00000E+00  0.00000E+00  0.53000E+01  0.00000E+00  0.00000E+00     12  0.00000E+00      0.000
       7.5527  0.00000E+00  0.00000E+00  0.00000E+00  0.00000E+00  0.00000E+00  0.00000E+00  0.00000E+00  0.00000E+00  0.00000E+00  0.00000E+00  0.40000E-01  0.00000E+00  0.10040E+02  0.00000E+00  0.00000E+00  0.53000E+01  0.00000E+00  0.00000E+00     13  0.00000E+00      0.000
       9.8825  0.00000E+00  0.00000E+00  0.00000E+00  0.00000E+00  0.00000E+00  0.00000E+00  0.00000E+00  0.00000E+00  0.00000E+00  0.00000E+00  0.40000E-01  0.00000E+00  0.10040E+02  0.00000E+00  0.00000E+00  0.53000E+01  0.00000E+00  0.00000E+00     14  0.00000E+00      0.000
      12.9113  0.00000E+00  0.00000E+00  0.00000E+00  0.00000E+00  0.00000E+00  0.00000E+00  0.00000E+00  0.00000E+00  0.00000E+00  0.00000E+00  0.40000E-01  0.00000E+00  0.10040E+02  0.00000E+00  0.00000E+00  0.53000E+01  0.00000E+00  0.00000E+00     15  0.00000E+00      0.000
      16.8486  0.00000E+00  0.00000E+00  0.00000E+00  0.00000E+00  0.00000E+00  0.00000E+00  0.00000E+00  0.00000E+00  0.00000E+00  0.00000E+00  0.40000E-01  0.00000E+00  0.10040E+02  0.00000E+00  0.00000E+00  0.53000E+01  0.00000E+00  0.00000E+00     16  0.00000E+00      0.000
      21.9672  0.00000E+00  0.00000E+00  0.00000E+00  0.00000E+00  0.00000E+00  0.00000E+00  0.00000E+00  0.00000E+00  0.00000E+00  0.00000E+00  0.40000E-01  0.00000E+00  0.10040E+02  0.00000E+00  0.00000E+00  0.53000E+01  0.00000E+00  0.00000E+00     17  0.00000E+00      0.000
      28.6214  0.00000E+00  0.00000E+00  0.00000E+00  0.00000E+00  0.00000E+00  0.00000E+00  0.00000E+00  0.00000E+00  0.00000E+00  0.00000E+00  0.40000E-01  0.00000E+00  0.10040E+02  0.00000E+00  0.00000E+00  0.53000E+01  0.00000E+00  0.00000E+00     18  0.00000E+00      0.000
      37.2718  0.00000E+00  0.00000E+00  0.00000E+00  0.00000E+00  0.00000E+00  0.00000E+00  0.00000E+00  0.00000E+00  0.00000E+00  0.00000E+00  0.40000E-01  0.00000E+00  0.10040E+02  0.00000E+00  0.00000E+00  0.53000E+01  0.00000E+00  0.00000E+00     19  0.00000E+00      0.000
      48.5173  0.00000E+00  0.00000E+00  0.00000E+00  0.00000E+00  0.00000E+00  0.00000E+00  0.00000E+00  0.00000E+00  0.00000E+00  0.00000E+00  0.40000E-01  0.00000E+00  0.10040E+02  0.00000E+00  0.00000E+00  0.53000E+01  0.00000E+00  0.00000E+00     20  0.00000E+00      0.000
      63.1365  0.00000E+00  0.00000E+00  0.00000E+00  0.00000E+00  0.00000E+00  0.00000E+00  0.00000E+00  0.00000E+00  0.00000E+00  0.00000E+00  0.40000E-01  0.00000E+00  0.10040E+02  0.00000E+00  0.00000E+00  0.53000E+01  0.00000E+00  0.00000E+00     21  0.00000E+00      0.000
      82.1415  0.00000E+00  0.00000E+00  0.00000E+00  0.00000E+00  0.00000E+00  0.00000E+00  0.00000E+00  0.00000E+00  0.00000E+00  0.00000E+00  0.40000E-01  0.00000E+00  0.10040E+02  0.00000E+00  0.00000E+00  0.53000E+01  0.00000E+00  0.00000E+00     22  0.00000E+00      0.000
     106.8479  0.00000E+00  0.00000E+00  0.00000E+00  0.00000E+00  0.00000E+00  0.00000E+00  0.00000E+00  0.00000E+00  0.00000E+00  0.00000E+00  0.40000E-01  0.00000E+00  0.10040E+02  0.00000E+00  0.00000E+00  0.53000E+01  0.00000E+00  0.00000E+00     23  0.00000E+00      0.000
     138.9663  0.00000E+00  0.00000E+00  0.00000E+00  0.00000E+00  0.00000E+00  0.00000E+00  0.00000E+00  0.00000E+00  0.00000E+00  0.00000E+00  0.40000E-01  0.00000E+00  0.10040E+02  0.00000E+00  0.00000E+00  0.53000E+01  0.00000E+00  0.00000E+00     24  0.00000E+00      0.000
     180.7201  0.00000E+00  0.00000E+00  0.00000E+00  0.00000E+00  0.00000E+00  0.00000E+00  0.00000E+00  0.00000E+00  0.00000E+00  0.00000E+00  0.40000E-01  0.00000E+00  0.10040E+02  0.00000E+00  0.00000E+00  0.53000E+01  0.00000E+00  0.00000E+00     25  0.00000E+00      0.000
     235.0001  0.00000E+00  0.00000E+00  0.00000E+00  0.00000E+00  0.00000E+00  0.00000E+00  0.00000E+00  0.00000E+00  0.00000E+00  0.00000E+00  0.40000E-01  0.00000E+00  0.10040E+02  0.00000E+00  0.00000E+00  0.53000E+01  0.00000E+00  0.00000E+00     26  0.00000E+00      0.000
     305.5642  0.00000E+00  0.00000E+00  0.00000E+00  0.00000E+00  0.00000E+00  0.00000E+00  0.00000E+00  0.00000E+00  0.00000E+00  0.00000E+00  0.40000E-01  0.00000E+00  0.10040E+02  0.00000E+00  0.00000E+00  0.53000E+01  0.00000E+00  0.00000E+00     27  0.00000E+00      0.000
     397.2974  0.00000E+00  0.00000E+00  0.00000E+00  0.00000E+00  0.00000E+00  0.00000E+00  0.00000E+00  0.00000E+00  0.00000E+00  0.00000E+00  0.40000E-01  0.00000E+00  0.10040E+02  0.00000E+00  0.00000E+00  0.53000E+01  0.00000E+00  0.00000E+00     28  0.00000E+00      0.000
     516.5506  0.00000E+00  0.00000E+00  0.00000E+00  0.00000E+00  0.00000E+00  0.00000E+00  0.00000E+00  0.00000E+00  0.00000E+00  0.00000E+00  0.40000E-01  0.00000E+00  0.10040E+02  0.00000E+00  0.00000E+00  0.53000E+01  0.00000E+00  0.00000E+00     29  0.00000E+00      0.000
     676.9818  0.00000E+00  0.00000E+00  0.00000E+00  0.00000E+00  0.00000E+00  0.00000E+00  0.00000E+00  0.00000E+00  0.00000E+00  0.00000E+00  0.40000E-01  0.00000E+00  0.10040E+02  0.00000E+00  0.00000E+00  0.53000E+01  0.00000E+00  0.00000E+00     30  0.00000E+00      0.000
     864.1515  0.00000E+00  0.00000E+00  0.00000E+00  0.00000E+00  0.00000E+00  0.00000E+00  0.00000E+00  0.00000E+00  0.00000E+00  0.00000E+00  0.40000E-01  0.00000E+00  0.10040E+02  0.00000E+00  0.00000E+00  0.53000E+01  0.00000E+00  0.00000E+00     31  0.00000E+00      0.000
    1098.1136  0.00000E+00  0.00000E+00  0.00000E+00  0.00000E+00  0.00000E+00  0.00000E+00  0.00000E+00  0.00000E+00  0.00000E+00  0.00000E+00  0.40000E-01  0.00000E+00  0.10040E+02  0.00000E+00  0.00000E+00  0.53000E+01  0.00000E+00  0.00000E+00     32  0.00000E+00      0.000
    1449.0568  0.00000E+00  0.00000E+00  0.00000E+00  0.00000E+00  0.00000E+00  0.00000E+00  0.00000E+00  0.00000E+00  0.00000E+00  0.00000E+00  0.40000E-01  0.00000E+00  0.10040E+02  0.00000E+00  0.00000E+00  0.53000E+01  0.00000E+00  0.00000E+00     33  0.00000E+00      0.000
    1800.0000  0.00000E+00  0.00000E+00  0.00000E+00  0.00000E+00  0.00000E+00  0.00000E+00  0.00000E+00  0.00000E+00  0.00000E+00  0.00000E+00  0.40000E-01  0.00000E+00  0.10040E+02  0.00000E+00  0.00000E+00  0.53000E+01  0.00000E+00  0.00000E+00     34  0.00000E+00      0.000
    2250.0000  0.00000E+00  0.00000E+00  0.00000E+00  0.00000E+00  0.00000E+00  0.00000E+00  0.00000E+00  0.00000E+00  0.00000E+00  0.00000E+00  0.40000E-01  0.00000E+00  0.10040E+02  0.00000E+00  0.00000E+00  0.53000E+01  0.00000E+00  0.00000E+00     35  0.00000E+00      0.000
    2700.0000  0.00000E+00  0.00000E+00  0.00000E+00  0.00000E+00  0.00000E+00  0.00000E+00  0.00000E+00  0.00000E+00  0.00000E+00  0.00000E+00  0.40000E-01  0.00000E+00  0.10040E+02  0.00000E+00  0.00000E+00  0.53000E+01  0.00000E+00  0.00000E+00     36  0.00000E+00      0.000
    3180.0000  0.00000E+00  0.00000E+00  0.00000E+00  0.00000E+00  0.00000E+00  0.00000E+00  0.00000E+00  0.00000E+00  0.00000E+00  0.00000E+00  0.40000E-01  0.00000E+00  0.10040E+02  0.00000E+00  0.00000E+00  0.53000E+01  0.00000E+00  0.00000E+00     37  0.00000E+00      0.000
    3660.0000  0.00000E+00  0.00000E+00  0.00000E+00  0.00000E+00  0.00000E+00  0.00000E+00  0.00000E+00  0.00000E+00  0.00000E+00  0.00000E+00  0.40000E-01  0.00000E+00  0.10040E+02  0.00000E+00  0.00000E+00  0.53000E+01  0.00000E+00  0.00000E+00     38  0.00000E+00      0.000
end
