 ******* Program HYDRUS
 ******* 
 Welcome to HYDRUS-1D                                                    
 Date:  14. 3.    Time:  11:43:41
 Units: L = cm   , T = sec  , M = g    
 
 CosAlf,MaxIt,TolTh,  TolH
 1.000   10   0.001 1.00000
 
 TopInF,BotInF,AtmBC,SinkF,WLayer,qGWLF,FreeD,SeepF,lWat,lChem,lTemp,lRoot,lWDep
     T     F     T     F     F     F     F     F     T     T     F     F     F

Nodal point information

node      x         hOld    MatN LayN  Beta      Ah       AK      ATh     Temp    Conc(1...NS)         Sorb(1...NS)

   1      0.000      0.550    1    1   0.000    1.000    1.000    1.000   18.30  0.4500E-02
   2     -0.020      0.550    1    1   0.000    1.000    1.000    1.000   18.30  0.4500E-02
   3     -0.040      0.550    1    1   0.000    1.000    1.000    1.000   18.30  0.4500E-02
   4     -0.060      0.550    1    1   0.000    1.000    1.000    1.000   18.30  0.4500E-02
   5     -0.080      0.550    1    1   0.000    1.000    1.000    1.000   18.30  0.4500E-02
   6     -0.100      0.550    1    1   0.000    1.000    1.000    1.000   18.30  0.4500E-02
   7     -0.120      0.550    1    1   0.000    1.000    1.000    1.000   18.30  0.4500E-02
   8     -0.140      0.550    1    1   0.000    1.000    1.000    1.000   18.30  0.4500E-02
   9     -0.160      0.550    1    1   0.000    1.000    1.000    1.000   18.30  0.4500E-02
  10     -0.180      0.550    1    1   0.000    1.000    1.000    1.000   18.30  0.4500E-02
  11     -0.200      0.550    1    1   0.000    1.000    1.000    1.000   18.30  0.4500E-02
  12     -0.220      0.550    1    1   0.000    1.000    1.000    1.000   18.30  0.4500E-02
  13     -0.240      0.550    1    1   0.000    1.000    1.000    1.000   18.30  0.4500E-02
  14     -0.260      0.550    1    1   0.000    1.000    1.000    1.000   18.30  0.4500E-02
  15     -0.280      0.550    1    1   0.000    1.000    1.000    1.000   18.30  0.4500E-02
  16     -0.300      0.550    1    1   0.000    1.000    1.000    1.000   18.30  0.4500E-02
  17     -0.320      0.550    1    1   0.000    1.000    1.000    1.000   18.30  0.4500E-02
  18     -0.340      0.550    1    1   0.000    1.000    1.000    1.000   18.30  0.4500E-02
  19     -0.360      0.550    1    1   0.000    1.000    1.000    1.000   18.30  0.4500E-02
  20     -0.380      0.550    1    1   0.000    1.000    1.000    1.000   18.30  0.4500E-02
  21     -0.400      0.550    1    1   0.000    1.000    1.000    1.000   18.30  0.4500E-02
  22     -0.420      0.550    1    1   0.000    1.000    1.000    1.000   18.30  0.4500E-02
  23     -0.440      0.550    1    1   0.000    1.000    1.000    1.000   18.30  0.4500E-02
  24     -0.460      0.550    1    1   0.000    1.000    1.000    1.000   18.30  0.4500E-02
  25     -0.480      0.550    1    1   0.000    1.000    1.000    1.000   18.30  0.4500E-02
  26     -0.500      0.550    1    1   0.000    1.000    1.000    1.000   18.30  0.4500E-02
  27     -0.520      0.550    1    1   0.000    1.000    1.000    1.000   18.30  0.4500E-02
  28     -0.540      0.550    1    1   0.000    1.000    1.000    1.000   18.30  0.4500E-02
  29     -0.560      0.550    1    1   0.000    1.000    1.000    1.000   18.30  0.4500E-02
  30     -0.580      0.550    1    1   0.000    1.000    1.000    1.000   18.30  0.4500E-02
  31     -0.600      0.550    1    1   0.000    1.000    1.000    1.000   18.30  0.4500E-02
  32     -0.620      0.550    1    1   0.000    1.000    1.000    1.000   18.30  0.4500E-02
  33     -0.640      0.550    1    1   0.000    1.000    1.000    1.000   18.30  0.4500E-02
  34     -0.660      0.550    1    1   0.000    1.000    1.000    1.000   18.30  0.4500E-02
  35     -0.680      0.550    1    1   0.000    1.000    1.000    1.000   18.30  0.4500E-02
  36     -0.700      0.550    1    1   0.000    1.000    1.000    1.000   18.30  0.4500E-02
  37     -0.720      0.550    1    1   0.000    1.000    1.000    1.000   18.30  0.4500E-02
  38     -0.740      0.550    1    1   0.000    1.000    1.000    1.000   18.30  0.4500E-02
  39     -0.760      0.550    1    1   0.000    1.000    1.000    1.000   18.30  0.4500E-02
  40     -0.780      0.550    1    1   0.000    1.000    1.000    1.000   18.30  0.4500E-02
  41     -0.800      0.550    1    1   0.000    1.000    1.000    1.000   18.30  0.4500E-02
  42     -0.820      0.550    1    1   0.000    1.000    1.000    1.000   18.30  0.4500E-02
  43     -0.840      0.550    1    1   0.000    1.000    1.000    1.000   18.30  0.4500E-02
  44     -0.860      0.550    1    1   0.000    1.000    1.000    1.000   18.30  0.4500E-02
  45     -0.880      0.550    1    1   0.000    1.000    1.000    1.000   18.30  0.4500E-02
  46     -0.900      0.550    1    1   0.000    1.000    1.000    1.000   18.30  0.4500E-02
  47     -0.920      0.550    1    1   0.000    1.000    1.000    1.000   18.30  0.4500E-02
  48     -0.940      0.550    1    1   0.000    1.000    1.000    1.000   18.30  0.4500E-02
  49     -0.960      0.550    1    1   0.000    1.000    1.000    1.000   18.30  0.4500E-02
  50     -0.980      0.550    1    1   0.000    1.000    1.000    1.000   18.30  0.4500E-02
  51     -1.000      0.550    1    1   0.000    1.000    1.000    1.000   18.30  0.4500E-02
  52     -1.020      0.550    1    1   0.000    1.000    1.000    1.000   18.30  0.4500E-02
  53     -1.040      0.550    1    1   0.000    1.000    1.000    1.000   18.30  0.4500E-02
  54     -1.060      0.550    1    1   0.000    1.000    1.000    1.000   18.30  0.4500E-02
  55     -1.080      0.550    1    1   0.000    1.000    1.000    1.000   18.30  0.4500E-02
  56     -1.100      0.550    1    1   0.000    1.000    1.000    1.000   18.30  0.4500E-02
  57     -1.120      0.550    1    1   0.000    1.000    1.000    1.000   18.30  0.4500E-02
  58     -1.140      0.550    1    1   0.000    1.000    1.000    1.000   18.30  0.4500E-02
  59     -1.160      0.550    1    1   0.000    1.000    1.000    1.000   18.30  0.4500E-02
  60     -1.180      0.550    1    1   0.000    1.000    1.000    1.000   18.30  0.4500E-02
  61     -1.200      0.550    1    1   0.000    1.000    1.000    1.000   18.30  0.4500E-02
  62     -1.220      0.550    1    1   0.000    1.000    1.000    1.000   18.30  0.4500E-02
  63     -1.240      0.550    1    1   0.000    1.000    1.000    1.000   18.30  0.4500E-02
  64     -1.260      0.550    1    1   0.000    1.000    1.000    1.000   18.30  0.4500E-02
  65     -1.280      0.550    1    1   0.000    1.000    1.000    1.000   18.30  0.4500E-02
  66     -1.300      0.550    1    1   0.000    1.000    1.000    1.000   18.30  0.4500E-02
  67     -1.320      0.550    1    1   0.000    1.000    1.000    1.000   18.30  0.4500E-02
  68     -1.340      0.550    1    1   0.000    1.000    1.000    1.000   18.30  0.4500E-02
  69     -1.360      0.550    1    1   0.000    1.000    1.000    1.000   18.30  0.4500E-02
  70     -1.380      0.550    1    1   0.000    1.000    1.000    1.000   18.30  0.4500E-02
  71     -1.400      0.550    1    1   0.000    1.000    1.000    1.000   18.30  0.4500E-02
  72     -1.420      0.550    1    1   0.000    1.000    1.000    1.000   18.30  0.4500E-02
  73     -1.440      0.550    1    1   0.000    1.000    1.000    1.000   18.30  0.4500E-02
  74     -1.460      0.550    1    1   0.000    1.000    1.000    1.000   18.30  0.4500E-02
  75     -1.480      0.550    1    1   0.000    1.000    1.000    1.000   18.30  0.4500E-02
  76     -1.500      0.550    1    1   0.000    1.000    1.000    1.000   18.30  0.4500E-02
  77     -1.520      0.550    1    1   0.000    1.000    1.000    1.000   18.30  0.4500E-02
  78     -1.540      0.550    1    1   0.000    1.000    1.000    1.000   18.30  0.4500E-02
  79     -1.560      0.550    1    1   0.000    1.000    1.000    1.000   18.30  0.4500E-02
  80     -1.580      0.550    1    1   0.000    1.000    1.000    1.000   18.30  0.4500E-02
  81     -1.600      0.550    1    1   0.000    1.000    1.000    1.000   18.30  0.4500E-02
  82     -1.620      0.550    1    1   0.000    1.000    1.000    1.000   18.30  0.4500E-02
  83     -1.640      0.550    1    1   0.000    1.000    1.000    1.000   18.30  0.4500E-02
  84     -1.660      0.550    1    1   0.000    1.000    1.000    1.000   18.30  0.4500E-02
  85     -1.680      0.550    1    1   0.000    1.000    1.000    1.000   18.30  0.4500E-02
  86     -1.700      0.550    1    1   0.000    1.000    1.000    1.000   18.30  0.4500E-02
  87     -1.720      0.550    1    1   0.000    1.000    1.000    1.000   18.30  0.4500E-02
  88     -1.740      0.550    1    1   0.000    1.000    1.000    1.000   18.30  0.4500E-02
  89     -1.760      0.550    1    1   0.000    1.000    1.000    1.000   18.30  0.4500E-02
  90     -1.780      0.550    1    1   0.000    1.000    1.000    1.000   18.30  0.4500E-02
  91     -1.800      0.550    1    1   0.000    1.000    1.000    1.000   18.30  0.4500E-02
  92     -1.820      0.550    1    1   0.000    1.000    1.000    1.000   18.30  0.4500E-02
  93     -1.840      0.550    1    1   0.000    1.000    1.000    1.000   18.30  0.4500E-02
  94     -1.860      0.550    1    1   0.000    1.000    1.000    1.000   18.30  0.4500E-02
  95     -1.880      0.550    1    1   0.000    1.000    1.000    1.000   18.30  0.4500E-02
  96     -1.900      0.550    1    1   0.000    1.000    1.000    1.000   18.30  0.4500E-02
  97     -1.920      0.550    1    1   0.000    1.000    1.000    1.000   18.30  0.4500E-02
  98     -1.940      0.550    1    1   0.000    1.000    1.000    1.000   18.30  0.4500E-02
  99     -1.960      0.550    1    1   0.000    1.000    1.000    1.000   18.30  0.4500E-02
 100     -1.980      0.550    1    1   0.000    1.000    1.000    1.000   18.30  0.4500E-02
 101     -2.000      0.550    1    1   0.000    1.000    1.000    1.000   18.30  0.4500E-02
 102     -2.020      0.550    1    1   0.000    1.000    1.000    1.000   18.30  0.4500E-02
 103     -2.040      0.550    1    1   0.000    1.000    1.000    1.000   18.30  0.4500E-02
 104     -2.060      0.550    1    1   0.000    1.000    1.000    1.000   18.30  0.4500E-02
 105     -2.080      0.550    1    1   0.000    1.000    1.000    1.000   18.30  0.4500E-02
 106     -2.100      0.550    1    1   0.000    1.000    1.000    1.000   18.30  0.4500E-02
 107     -2.120      0.550    1    1   0.000    1.000    1.000    1.000   18.30  0.4500E-02
 108     -2.140      0.550    1    1   0.000    1.000    1.000    1.000   18.30  0.4500E-02
 109     -2.160      0.550    1    1   0.000    1.000    1.000    1.000   18.30  0.4500E-02
 110     -2.180      0.550    1    1   0.000    1.000    1.000    1.000   18.30  0.4500E-02
 111     -2.200      0.550    1    1   0.000    1.000    1.000    1.000   18.30  0.4500E-02
 112     -2.220      0.550    1    1   0.000    1.000    1.000    1.000   18.30  0.4500E-02
 113     -2.240      0.550    1    1   0.000    1.000    1.000    1.000   18.30  0.4500E-02
 114     -2.260      0.550    1    1   0.000    1.000    1.000    1.000   18.30  0.4500E-02
 115     -2.280      0.550    1    1   0.000    1.000    1.000    1.000   18.30  0.4500E-02
 116     -2.300      0.550    1    1   0.000    1.000    1.000    1.000   18.30  0.4500E-02
 117     -2.320      0.550    1    1   0.000    1.000    1.000    1.000   18.30  0.4500E-02
 118     -2.340      0.550    1    1   0.000    1.000    1.000    1.000   18.30  0.4500E-02
 119     -2.360      0.550    1    1   0.000    1.000    1.000    1.000   18.30  0.4500E-02
 120     -2.380      0.550    1    1   0.000    1.000    1.000    1.000   18.30  0.4500E-02
 121     -2.400      0.550    1    1   0.000    1.000    1.000    1.000   18.30  0.4500E-02
 122     -2.420      0.550    1    1   0.000    1.000    1.000    1.000   18.30  0.4500E-02
 123     -2.440      0.550    1    1   0.000    1.000    1.000    1.000   18.30  0.4500E-02
 124     -2.460      0.550    1    1   0.000    1.000    1.000    1.000   18.30  0.4500E-02
 125     -2.480      0.550    1    1   0.000    1.000    1.000    1.000   18.30  0.4500E-02
 126     -2.500      0.550    1    1   0.000    1.000    1.000    1.000   18.30  0.4500E-02
 127     -2.520      0.550    1    1   0.000    1.000    1.000    1.000   18.30  0.4500E-02
 128     -2.540      0.550    1    1   0.000    1.000    1.000    1.000   18.30  0.4500E-02
 129     -2.560      0.550    1    1   0.000    1.000    1.000    1.000   18.30  0.4500E-02
 130     -2.580      0.550    1    1   0.000    1.000    1.000    1.000   18.30  0.4500E-02
 131     -2.600      0.550    1    1   0.000    1.000    1.000    1.000   18.30  0.4500E-02
 132     -2.620      0.550    1    1   0.000    1.000    1.000    1.000   18.30  0.4500E-02
 133     -2.640      0.550    1    1   0.000    1.000    1.000    1.000   18.30  0.4500E-02
 134     -2.660      0.550    1    1   0.000    1.000    1.000    1.000   18.30  0.4500E-02
 135     -2.680      0.550    1    1   0.000    1.000    1.000    1.000   18.30  0.4500E-02
 136     -2.700      0.550    1    1   0.000    1.000    1.000    1.000   18.30  0.4500E-02
 137     -2.720      0.550    1    1   0.000    1.000    1.000    1.000   18.30  0.4500E-02
 138     -2.740      0.550    1    1   0.000    1.000    1.000    1.000   18.30  0.4500E-02
 139     -2.760      0.550    1    1   0.000    1.000    1.000    1.000   18.30  0.4500E-02
 140     -2.780      0.550    1    1   0.000    1.000    1.000    1.000   18.30  0.4500E-02
 141     -2.800      0.550    1    1   0.000    1.000    1.000    1.000   18.30  0.4500E-02
 142     -2.820      0.550    1    1   0.000    1.000    1.000    1.000   18.30  0.4500E-02
 143     -2.840      0.550    1    1   0.000    1.000    1.000    1.000   18.30  0.4500E-02
 144     -2.860      0.550    1    1   0.000    1.000    1.000    1.000   18.30  0.4500E-02
 145     -2.880      0.550    1    1   0.000    1.000    1.000    1.000   18.30  0.4500E-02
 146     -2.900      0.550    1    1   0.000    1.000    1.000    1.000   18.30  0.4500E-02
 147     -2.920      0.550    1    1   0.000    1.000    1.000    1.000   18.30  0.4500E-02
 148     -2.940      0.550    1    1   0.000    1.000    1.000    1.000   18.30  0.4500E-02
 149     -2.960      0.550    1    1   0.000    1.000    1.000    1.000   18.30  0.4500E-02
 150     -2.980      0.550    1    1   0.000    1.000    1.000    1.000   18.30  0.4500E-02
 151     -3.000      0.550    1    1   0.000    1.000    1.000    1.000   18.30  0.4500E-02
 152     -3.020      0.550    1    1   0.000    1.000    1.000    1.000   18.30  0.4500E-02
 153     -3.040      0.550    1    1   0.000    1.000    1.000    1.000   18.30  0.4500E-02
 154     -3.060      0.550    1    1   0.000    1.000    1.000    1.000   18.30  0.4500E-02
 155     -3.080      0.550    1    1   0.000    1.000    1.000    1.000   18.30  0.4500E-02
 156     -3.100      0.550    1    1   0.000    1.000    1.000    1.000   18.30  0.4500E-02
 157     -3.120      0.550    1    1   0.000    1.000    1.000    1.000   18.30  0.4500E-02
 158     -3.140      0.550    1    1   0.000    1.000    1.000    1.000   18.30  0.4500E-02
 159     -3.160      0.550    1    1   0.000    1.000    1.000    1.000   18.30  0.4500E-02
 160     -3.180      0.550    1    1   0.000    1.000    1.000    1.000   18.30  0.4500E-02
 161     -3.200      0.550    1    1   0.000    1.000    1.000    1.000   18.30  0.4500E-02
 162     -3.220      0.550    1    1   0.000    1.000    1.000    1.000   18.30  0.4500E-02
 163     -3.240      0.550    1    1   0.000    1.000    1.000    1.000   18.30  0.4500E-02
 164     -3.260      0.550    1    1   0.000    1.000    1.000    1.000   18.30  0.4500E-02
 165     -3.280      0.550    1    1   0.000    1.000    1.000    1.000   18.30  0.4500E-02
 166     -3.300      0.550    1    1   0.000    1.000    1.000    1.000   18.30  0.4500E-02
 167     -3.320      0.550    1    1   0.000    1.000    1.000    1.000   18.30  0.4500E-02
 168     -3.340      0.550    1    1   0.000    1.000    1.000    1.000   18.30  0.4500E-02
 169     -3.360      0.550    1    1   0.000    1.000    1.000    1.000   18.30  0.4500E-02
 170     -3.380      0.550    1    1   0.000    1.000    1.000    1.000   18.30  0.4500E-02
 171     -3.400      0.550    1    1   0.000    1.000    1.000    1.000   18.30  0.4500E-02
 172     -3.420      0.550    1    1   0.000    1.000    1.000    1.000   18.30  0.4500E-02
 173     -3.440      0.550    1    1   0.000    1.000    1.000    1.000   18.30  0.4500E-02
 174     -3.460      0.550    1    1   0.000    1.000    1.000    1.000   18.30  0.4500E-02
 175     -3.480      0.550    1    1   0.000    1.000    1.000    1.000   18.30  0.4500E-02
 176     -3.500      0.550    1    1   0.000    1.000    1.000    1.000   18.30  0.4500E-02
 177     -3.520      0.550    1    1   0.000    1.000    1.000    1.000   18.30  0.4500E-02
 178     -3.540      0.550    1    1   0.000    1.000    1.000    1.000   18.30  0.4500E-02
 179     -3.560      0.550    1    1   0.000    1.000    1.000    1.000   18.30  0.4500E-02
 180     -3.580      0.550    1    1   0.000    1.000    1.000    1.000   18.30  0.4500E-02
 181     -3.600      0.550    1    1   0.000    1.000    1.000    1.000   18.30  0.4500E-02
 182     -3.620      0.550    1    1   0.000    1.000    1.000    1.000   18.30  0.4500E-02
 183     -3.640      0.550    1    1   0.000    1.000    1.000    1.000   18.30  0.4500E-02
 184     -3.660      0.550    1    1   0.000    1.000    1.000    1.000   18.30  0.4500E-02
 185     -3.680      0.550    1    1   0.000    1.000    1.000    1.000   18.30  0.4500E-02
 186     -3.700      0.550    1    1   0.000    1.000    1.000    1.000   18.30  0.4500E-02
 187     -3.720      0.550    1    1   0.000    1.000    1.000    1.000   18.30  0.4500E-02
 188     -3.740      0.550    1    1   0.000    1.000    1.000    1.000   18.30  0.4500E-02
 189     -3.760      0.550    1    1   0.000    1.000    1.000    1.000   18.30  0.4500E-02
 190     -3.780      0.550    1    1   0.000    1.000    1.000    1.000   18.30  0.4500E-02
 191     -3.800      0.550    1    1   0.000    1.000    1.000    1.000   18.30  0.4500E-02
 192     -3.820      0.550    1    1   0.000    1.000    1.000    1.000   18.30  0.4500E-02
 193     -3.840      0.550    1    1   0.000    1.000    1.000    1.000   18.30  0.4500E-02
 194     -3.860      0.550    1    1   0.000    1.000    1.000    1.000   18.30  0.4500E-02
 195     -3.880      0.550    1    1   0.000    1.000    1.000    1.000   18.30  0.4500E-02
 196     -3.900      0.550    1    1   0.000    1.000    1.000    1.000   18.30  0.4500E-02
 197     -3.920      0.550    1    1   0.000    1.000    1.000    1.000   18.30  0.4500E-02
 198     -3.940      0.550    1    1   0.000    1.000    1.000    1.000   18.30  0.4500E-02
 199     -3.960      0.550    1    1   0.000    1.000    1.000    1.000   18.30  0.4500E-02
 200     -3.980      0.550    1    1   0.000    1.000    1.000    1.000   18.30  0.4500E-02
 201     -4.000      0.550    1    1   0.000    1.000    1.000    1.000   18.30  0.4500E-02
 202     -4.020      0.550    1    1   0.000    1.000    1.000    1.000   18.30  0.4500E-02
 203     -4.040      0.550    1    1   0.000    1.000    1.000    1.000   18.30  0.4500E-02
 204     -4.060      0.550    1    1   0.000    1.000    1.000    1.000   18.30  0.4500E-02
 205     -4.080      0.550    1    1   0.000    1.000    1.000    1.000   18.30  0.4500E-02
 206     -4.100      0.550    1    1   0.000    1.000    1.000    1.000   18.30  0.4500E-02
 207     -4.120      0.550    1    1   0.000    1.000    1.000    1.000   18.30  0.4500E-02
 208     -4.140      0.550    1    1   0.000    1.000    1.000    1.000   18.30  0.4500E-02
 209     -4.160      0.550    1    1   0.000    1.000    1.000    1.000   18.30  0.4500E-02
 210     -4.180      0.550    1    1   0.000    1.000    1.000    1.000   18.30  0.4500E-02
 211     -4.200      0.550    1    1   0.000    1.000    1.000    1.000   18.30  0.4500E-02
 212     -4.220      0.550    1    1   0.000    1.000    1.000    1.000   18.30  0.4500E-02
 213     -4.240      0.550    1    1   0.000    1.000    1.000    1.000   18.30  0.4500E-02
 214     -4.260      0.550    1    1   0.000    1.000    1.000    1.000   18.30  0.4500E-02
 215     -4.280      0.550    1    1   0.000    1.000    1.000    1.000   18.30  0.4500E-02
 216     -4.300      0.550    1    1   0.000    1.000    1.000    1.000   18.30  0.4500E-02
 217     -4.320      0.550    1    1   0.000    1.000    1.000    1.000   18.30  0.4500E-02
 218     -4.340      0.550    1    1   0.000    1.000    1.000    1.000   18.30  0.4500E-02
 219     -4.360      0.550    1    1   0.000    1.000    1.000    1.000   18.30  0.4500E-02
 220     -4.380      0.550    1    1   0.000    1.000    1.000    1.000   18.30  0.4500E-02
 221     -4.400      0.550    1    1   0.000    1.000    1.000    1.000   18.30  0.4500E-02
 222     -4.420      0.550    1    1   0.000    1.000    1.000    1.000   18.30  0.4500E-02
 223     -4.440      0.550    1    1   0.000    1.000    1.000    1.000   18.30  0.4500E-02
 224     -4.460      0.550    1    1   0.000    1.000    1.000    1.000   18.30  0.4500E-02
 225     -4.480      0.550    1    1   0.000    1.000    1.000    1.000   18.30  0.4500E-02
 226     -4.500      0.550    1    1   0.000    1.000    1.000    1.000   18.30  0.4500E-02
 227     -4.520      0.550    1    1   0.000    1.000    1.000    1.000   18.30  0.4500E-02
 228     -4.540      0.550    1    1   0.000    1.000    1.000    1.000   18.30  0.4500E-02
 229     -4.560      0.550    1    1   0.000    1.000    1.000    1.000   18.30  0.4500E-02
 230     -4.580      0.550    1    1   0.000    1.000    1.000    1.000   18.30  0.4500E-02
 231     -4.600      0.550    1    1   0.000    1.000    1.000    1.000   18.30  0.4500E-02
 232     -4.620      0.550    1    1   0.000    1.000    1.000    1.000   18.30  0.4500E-02
 233     -4.640      0.550    1    1   0.000    1.000    1.000    1.000   18.30  0.4500E-02
 234     -4.660      0.550    1    1   0.000    1.000    1.000    1.000   18.30  0.4500E-02
 235     -4.680      0.550    1    1   0.000    1.000    1.000    1.000   18.30  0.4500E-02
 236     -4.700      0.550    1    1   0.000    1.000    1.000    1.000   18.30  0.4500E-02
 237     -4.720      0.550    1    1   0.000    1.000    1.000    1.000   18.30  0.4500E-02
 238     -4.740      0.550    1    1   0.000    1.000    1.000    1.000   18.30  0.4500E-02
 239     -4.760      0.550    1    1   0.000    1.000    1.000    1.000   18.30  0.4500E-02
 240     -4.780      0.550    1    1   0.000    1.000    1.000    1.000   18.30  0.4500E-02
 241     -4.800      0.550    1    1   0.000    1.000    1.000    1.000   18.30  0.4500E-02
 242     -4.820      0.550    1    1   0.000    1.000    1.000    1.000   18.30  0.4500E-02
 243     -4.840      0.550    1    1   0.000    1.000    1.000    1.000   18.30  0.4500E-02
 244     -4.860      0.550    1    1   0.000    1.000    1.000    1.000   18.30  0.4500E-02
 245     -4.880      0.550    1    1   0.000    1.000    1.000    1.000   18.30  0.4500E-02
 246     -4.900      0.550    1    1   0.000    1.000    1.000    1.000   18.30  0.4500E-02
 247     -4.920      0.550    1    1   0.000    1.000    1.000    1.000   18.30  0.4500E-02
 248     -4.940      0.550    1    1   0.000    1.000    1.000    1.000   18.30  0.4500E-02
 249     -4.960      0.550    1    1   0.000    1.000    1.000    1.000   18.30  0.4500E-02
 250     -4.980      0.550    1    1   0.000    1.000    1.000    1.000   18.30  0.4500E-02
 251     -5.000      0.550    1    1   0.000    1.000    1.000    1.000   18.30  0.4500E-02
 252     -5.020      0.550    1    1   0.000    1.000    1.000    1.000   18.30  0.4500E-02
 253     -5.040      0.550    1    1   0.000    1.000    1.000    1.000   18.30  0.4500E-02
 254     -5.060      0.550    1    1   0.000    1.000    1.000    1.000   18.30  0.4500E-02
 255     -5.080      0.550    1    1   0.000    1.000    1.000    1.000   18.30  0.4500E-02
 256     -5.100      0.550    1    1   0.000    1.000    1.000    1.000   18.30  0.4500E-02
 257     -5.120      0.550    1    1   0.000    1.000    1.000    1.000   18.30  0.4500E-02
 258     -5.140      0.550    1    1   0.000    1.000    1.000    1.000   18.30  0.4500E-02
 259     -5.160      0.550    1    1   0.000    1.000    1.000    1.000   18.30  0.4500E-02
 260     -5.180      0.550    1    1   0.000    1.000    1.000    1.000   18.30  0.4500E-02
 261     -5.200      0.550    1    1   0.000    1.000    1.000    1.000   18.30  0.4500E-02
 262     -5.220      0.550    1    1   0.000    1.000    1.000    1.000   18.30  0.4500E-02
 263     -5.240      0.550    1    1   0.000    1.000    1.000    1.000   18.30  0.4500E-02
 264     -5.260      0.550    1    1   0.000    1.000    1.000    1.000   18.30  0.4500E-02
 265     -5.280      0.550    1    1   0.000    1.000    1.000    1.000   18.30  0.4500E-02
 266     -5.300      0.550    1    1   0.000    1.000    1.000    1.000   18.30  0.4500E-02
 267     -5.320      0.550    1    1   0.000    1.000    1.000    1.000   18.30  0.4500E-02
 268     -5.340      0.550    1    1   0.000    1.000    1.000    1.000   18.30  0.4500E-02
 269     -5.360      0.550    1    1   0.000    1.000    1.000    1.000   18.30  0.4500E-02
 270     -5.380      0.550    1    1   0.000    1.000    1.000    1.000   18.30  0.4500E-02
 271     -5.400      0.550    1    1   0.000    1.000    1.000    1.000   18.30  0.4500E-02
 272     -5.420      0.550    1    1   0.000    1.000    1.000    1.000   18.30  0.4500E-02
 273     -5.440      0.550    1    1   0.000    1.000    1.000    1.000   18.30  0.4500E-02
 274     -5.460      0.550    1    1   0.000    1.000    1.000    1.000   18.30  0.4500E-02
 275     -5.480      0.550    1    1   0.000    1.000    1.000    1.000   18.30  0.4500E-02
 276     -5.500      0.550    1    1   0.000    1.000    1.000    1.000   18.30  0.4500E-02
 277     -5.520      0.550    1    1   0.000    1.000    1.000    1.000   18.30  0.4500E-02
 278     -5.540      0.550    1    1   0.000    1.000    1.000    1.000   18.30  0.4500E-02
 279     -5.560      0.550    1    1   0.000    1.000    1.000    1.000   18.30  0.4500E-02
 280     -5.580      0.550    1    1   0.000    1.000    1.000    1.000   18.30  0.4500E-02
 281     -5.600      0.550    1    1   0.000    1.000    1.000    1.000   18.30  0.4500E-02
 282     -5.620      0.550    1    1   0.000    1.000    1.000    1.000   18.30  0.4500E-02
 283     -5.640      0.550    1    1   0.000    1.000    1.000    1.000   18.30  0.4500E-02
 284     -5.660      0.550    1    1   0.000    1.000    1.000    1.000   18.30  0.4500E-02
 285     -5.680      0.550    1    1   0.000    1.000    1.000    1.000   18.30  0.4500E-02
 286     -5.700      0.550    1    1   0.000    1.000    1.000    1.000   18.30  0.4500E-02
 287     -5.720      0.550    1    1   0.000    1.000    1.000    1.000   18.30  0.4500E-02
 288     -5.740      0.550    1    1   0.000    1.000    1.000    1.000   18.30  0.4500E-02
 289     -5.760      0.550    1    1   0.000    1.000    1.000    1.000   18.30  0.4500E-02
 290     -5.780      0.550    1    1   0.000    1.000    1.000    1.000   18.30  0.4500E-02
 291     -5.800      0.550    1    1   0.000    1.000    1.000    1.000   18.30  0.4500E-02
 292     -5.820      0.550    1    1   0.000    1.000    1.000    1.000   18.30  0.4500E-02
 293     -5.840      0.550    1    1   0.000    1.000    1.000    1.000   18.30  0.4500E-02
 294     -5.860      0.550    1    1   0.000    1.000    1.000    1.000   18.30  0.4500E-02
 295     -5.880      0.550    1    1   0.000    1.000    1.000    1.000   18.30  0.4500E-02
 296     -5.900      0.550    1    1   0.000    1.000    1.000    1.000   18.30  0.4500E-02
 297     -5.920      0.550    1    1   0.000    1.000    1.000    1.000   18.30  0.4500E-02
 298     -5.940      0.550    1    1   0.000    1.000    1.000    1.000   18.30  0.4500E-02
 299     -5.960      0.550    1    1   0.000    1.000    1.000    1.000   18.30  0.4500E-02
 300     -5.980      0.550    1    1   0.000    1.000    1.000    1.000   18.30  0.4500E-02
 301     -6.000      0.550    1    1   0.000    1.000    1.000    1.000   18.30  0.4500E-02
 302     -6.020      0.550    1    1   0.000    1.000    1.000    1.000   18.30  0.4500E-02
 303     -6.040      0.550    1    1   0.000    1.000    1.000    1.000   18.30  0.4500E-02
 304     -6.060      0.550    1    1   0.000    1.000    1.000    1.000   18.30  0.4500E-02
 305     -6.080      0.550    1    1   0.000    1.000    1.000    1.000   18.30  0.4500E-02
 306     -6.100      0.550    1    1   0.000    1.000    1.000    1.000   18.30  0.4500E-02
 307     -6.120      0.550    1    1   0.000    1.000    1.000    1.000   18.30  0.4500E-02
 308     -6.140      0.550    1    1   0.000    1.000    1.000    1.000   18.30  0.4500E-02
 309     -6.160      0.550    1    1   0.000    1.000    1.000    1.000   18.30  0.4500E-02
 310     -6.180      0.550    1    1   0.000    1.000    1.000    1.000   18.30  0.4500E-02
 311     -6.200      0.550    1    1   0.000    1.000    1.000    1.000   18.30  0.4500E-02
 312     -6.220      0.550    1    1   0.000    1.000    1.000    1.000   18.30  0.4500E-02
 313     -6.240      0.550    1    1   0.000    1.000    1.000    1.000   18.30  0.4500E-02
 314     -6.260      0.550    1    1   0.000    1.000    1.000    1.000   18.30  0.4500E-02
 315     -6.280      0.550    1    1   0.000    1.000    1.000    1.000   18.30  0.4500E-02
 316     -6.300      0.550    1    1   0.000    1.000    1.000    1.000   18.30  0.4500E-02
 317     -6.320      0.550    1    1   0.000    1.000    1.000    1.000   18.30  0.4500E-02
 318     -6.340      0.550    1    1   0.000    1.000    1.000    1.000   18.30  0.4500E-02
 319     -6.360      0.550    1    1   0.000    1.000    1.000    1.000   18.30  0.4500E-02
 320     -6.380      0.550    1    1   0.000    1.000    1.000    1.000   18.30  0.4500E-02
 321     -6.400      0.550    1    1   0.000    1.000    1.000    1.000   18.30  0.4500E-02
 322     -6.420      0.550    1    1   0.000    1.000    1.000    1.000   18.30  0.4500E-02
 323     -6.440      0.550    1    1   0.000    1.000    1.000    1.000   18.30  0.4500E-02
 324     -6.460      0.550    1    1   0.000    1.000    1.000    1.000   18.30  0.4500E-02
 325     -6.480      0.550    1    1   0.000    1.000    1.000    1.000   18.30  0.4500E-02
 326     -6.500      0.550    1    1   0.000    1.000    1.000    1.000   18.30  0.4500E-02
 327     -6.520      0.550    1    1   0.000    1.000    1.000    1.000   18.30  0.4500E-02
 328     -6.540      0.550    1    1   0.000    1.000    1.000    1.000   18.30  0.4500E-02
 329     -6.560      0.550    1    1   0.000    1.000    1.000    1.000   18.30  0.4500E-02
 330     -6.580      0.550    1    1   0.000    1.000    1.000    1.000   18.30  0.4500E-02
 331     -6.600      0.550    1    1   0.000    1.000    1.000    1.000   18.30  0.4500E-02
 332     -6.620      0.550    1    1   0.000    1.000    1.000    1.000   18.30  0.4500E-02
 333     -6.640      0.550    1    1   0.000    1.000    1.000    1.000   18.30  0.4500E-02
 334     -6.660      0.550    1    1   0.000    1.000    1.000    1.000   18.30  0.4500E-02
 335     -6.680      0.550    1    1   0.000    1.000    1.000    1.000   18.30  0.4500E-02
 336     -6.700      0.550    1    1   0.000    1.000    1.000    1.000   18.30  0.4500E-02
 337     -6.720      0.550    1    1   0.000    1.000    1.000    1.000   18.30  0.4500E-02
 338     -6.740      0.550    1    1   0.000    1.000    1.000    1.000   18.30  0.4500E-02
 339     -6.760      0.550    1    1   0.000    1.000    1.000    1.000   18.30  0.4500E-02
 340     -6.780      0.550    1    1   0.000    1.000    1.000    1.000   18.30  0.4500E-02
 341     -6.800      0.550    1    1   0.000    1.000    1.000    1.000   18.30  0.4500E-02
 342     -6.820      0.550    1    1   0.000    1.000    1.000    1.000   18.30  0.4500E-02
 343     -6.840      0.550    1    1   0.000    1.000    1.000    1.000   18.30  0.4500E-02
 344     -6.860      0.550    1    1   0.000    1.000    1.000    1.000   18.30  0.4500E-02
 345     -6.880      0.550    1    1   0.000    1.000    1.000    1.000   18.30  0.4500E-02
 346     -6.900      0.550    1    1   0.000    1.000    1.000    1.000   18.30  0.4500E-02
 347     -6.920      0.550    1    1   0.000    1.000    1.000    1.000   18.30  0.4500E-02
 348     -6.940      0.550    1    1   0.000    1.000    1.000    1.000   18.30  0.4500E-02
 349     -6.960      0.550    1    1   0.000    1.000    1.000    1.000   18.30  0.4500E-02
 350     -6.980      0.550    1    1   0.000    1.000    1.000    1.000   18.30  0.4500E-02
 351     -7.000      0.550    1    1   0.000    1.000    1.000    1.000   18.30  0.4500E-02
 352     -7.020      0.550    1    1   0.000    1.000    1.000    1.000   18.30  0.4500E-02
 353     -7.040      0.550    1    1   0.000    1.000    1.000    1.000   18.30  0.4500E-02
 354     -7.060      0.550    1    1   0.000    1.000    1.000    1.000   18.30  0.4500E-02
 355     -7.080      0.550    1    1   0.000    1.000    1.000    1.000   18.30  0.4500E-02
 356     -7.100      0.550    1    1   0.000    1.000    1.000    1.000   18.30  0.4500E-02
 357     -7.120      0.550    1    1   0.000    1.000    1.000    1.000   18.30  0.4500E-02
 358     -7.140      0.550    1    1   0.000    1.000    1.000    1.000   18.30  0.4500E-02
 359     -7.160      0.550    1    1   0.000    1.000    1.000    1.000   18.30  0.4500E-02
 360     -7.180      0.550    1    1   0.000    1.000    1.000    1.000   18.30  0.4500E-02
 361     -7.200      0.550    1    1   0.000    1.000    1.000    1.000   18.30  0.4500E-02
 362     -7.220      0.550    1    1   0.000    1.000    1.000    1.000   18.30  0.4500E-02
 363     -7.240      0.550    1    1   0.000    1.000    1.000    1.000   18.30  0.4500E-02
 364     -7.260      0.550    1    1   0.000    1.000    1.000    1.000   18.30  0.4500E-02
 365     -7.280      0.550    1    1   0.000    1.000    1.000    1.000   18.30  0.4500E-02
 366     -7.300      0.550    1    1   0.000    1.000    1.000    1.000   18.30  0.4500E-02
 367     -7.320      0.550    1    1   0.000    1.000    1.000    1.000   18.30  0.4500E-02
 368     -7.340      0.550    1    1   0.000    1.000    1.000    1.000   18.30  0.4500E-02
 369     -7.360      0.550    1    1   0.000    1.000    1.000    1.000   18.30  0.4500E-02
 370     -7.380      0.550    1    1   0.000    1.000    1.000    1.000   18.30  0.4500E-02
 371     -7.400      0.550    1    1   0.000    1.000    1.000    1.000   18.30  0.4500E-02
 372     -7.420      0.550    1    1   0.000    1.000    1.000    1.000   18.30  0.4500E-02
 373     -7.440      0.550    1    1   0.000    1.000    1.000    1.000   18.30  0.4500E-02
 374     -7.460      0.550    1    1   0.000    1.000    1.000    1.000   18.30  0.4500E-02
 375     -7.480      0.550    1    1   0.000    1.000    1.000    1.000   18.30  0.4500E-02
 376     -7.500      0.550    1    1   0.000    1.000    1.000    1.000   18.30  0.4500E-02
 377     -7.520      0.550    1    1   0.000    1.000    1.000    1.000   18.30  0.4500E-02
 378     -7.540      0.550    1    1   0.000    1.000    1.000    1.000   18.30  0.4500E-02
 379     -7.560      0.550    1    1   0.000    1.000    1.000    1.000   18.30  0.4500E-02
 380     -7.580      0.550    1    1   0.000    1.000    1.000    1.000   18.30  0.4500E-02
 381     -7.600      0.550    1    1   0.000    1.000    1.000    1.000   18.30  0.4500E-02
 382     -7.620      0.550    1    1   0.000    1.000    1.000    1.000   18.30  0.4500E-02
 383     -7.640      0.550    1    1   0.000    1.000    1.000    1.000   18.30  0.4500E-02
 384     -7.660      0.550    1    1   0.000    1.000    1.000    1.000   18.30  0.4500E-02
 385     -7.680      0.550    1    1   0.000    1.000    1.000    1.000   18.30  0.4500E-02
 386     -7.700      0.550    1    1   0.000    1.000    1.000    1.000   18.30  0.4500E-02
 387     -7.720      0.550    1    1   0.000    1.000    1.000    1.000   18.30  0.4500E-02
 388     -7.740      0.550    1    1   0.000    1.000    1.000    1.000   18.30  0.4500E-02
 389     -7.760      0.550    1    1   0.000    1.000    1.000    1.000   18.30  0.4500E-02
 390     -7.780      0.550    1    1   0.000    1.000    1.000    1.000   18.30  0.4500E-02
 391     -7.800      0.550    1    1   0.000    1.000    1.000    1.000   18.30  0.4500E-02
 392     -7.820      0.550    1    1   0.000    1.000    1.000    1.000   18.30  0.4500E-02
 393     -7.840      0.550    1    1   0.000    1.000    1.000    1.000   18.30  0.4500E-02
 394     -7.860      0.550    1    1   0.000    1.000    1.000    1.000   18.30  0.4500E-02
 395     -7.880      0.550    1    1   0.000    1.000    1.000    1.000   18.30  0.4500E-02
 396     -7.900      0.550    1    1   0.000    1.000    1.000    1.000   18.30  0.4500E-02
 397     -7.920      0.550    1    1   0.000    1.000    1.000    1.000   18.30  0.4500E-02
 398     -7.940      0.550    1    1   0.000    1.000    1.000    1.000   18.30  0.4500E-02
 399     -7.960      0.550    1    1   0.000    1.000    1.000    1.000   18.30  0.4500E-02
 400     -7.980      0.550    1    1   0.000    1.000    1.000    1.000   18.30  0.4500E-02
 401     -8.000      0.550    1    1   0.000    1.000    1.000    1.000   18.30  0.4500E-02
 402     -8.020      0.550    1    1   0.000    1.000    1.000    1.000   18.30  0.4500E-02
 403     -8.040      0.550    1    1   0.000    1.000    1.000    1.000   18.30  0.4500E-02
 404     -8.060      0.550    1    1   0.000    1.000    1.000    1.000   18.30  0.4500E-02
 405     -8.080      0.550    1    1   0.000    1.000    1.000    1.000   18.30  0.4500E-02
 406     -8.100      0.550    1    1   0.000    1.000    1.000    1.000   18.30  0.4500E-02
 407     -8.120      0.550    1    1   0.000    1.000    1.000    1.000   18.30  0.4500E-02
 408     -8.140      0.550    1    1   0.000    1.000    1.000    1.000   18.30  0.4500E-02
 409     -8.160      0.550    1    1   0.000    1.000    1.000    1.000   18.30  0.4500E-02
 410     -8.180      0.550    1    1   0.000    1.000    1.000    1.000   18.30  0.4500E-02
 411     -8.200      0.550    1    1   0.000    1.000    1.000    1.000   18.30  0.4500E-02
 412     -8.220      0.550    1    1   0.000    1.000    1.000    1.000   18.30  0.4500E-02
 413     -8.240      0.550    1    1   0.000    1.000    1.000    1.000   18.30  0.4500E-02
 414     -8.260      0.550    1    1   0.000    1.000    1.000    1.000   18.30  0.4500E-02
 415     -8.280      0.550    1    1   0.000    1.000    1.000    1.000   18.30  0.4500E-02
 416     -8.300      0.550    1    1   0.000    1.000    1.000    1.000   18.30  0.4500E-02
 417     -8.320      0.550    1    1   0.000    1.000    1.000    1.000   18.30  0.4500E-02
 418     -8.340      0.550    1    1   0.000    1.000    1.000    1.000   18.30  0.4500E-02
 419     -8.360      0.550    1    1   0.000    1.000    1.000    1.000   18.30  0.4500E-02
 420     -8.380      0.550    1    1   0.000    1.000    1.000    1.000   18.30  0.4500E-02
 421     -8.400      0.550    1    1   0.000    1.000    1.000    1.000   18.30  0.4500E-02
 422     -8.420      0.550    1    1   0.000    1.000    1.000    1.000   18.30  0.4500E-02
 423     -8.440      0.550    1    1   0.000    1.000    1.000    1.000   18.30  0.4500E-02
 424     -8.460      0.550    1    1   0.000    1.000    1.000    1.000   18.30  0.4500E-02
 425     -8.480      0.550    1    1   0.000    1.000    1.000    1.000   18.30  0.4500E-02
 426     -8.500      0.550    1    1   0.000    1.000    1.000    1.000   18.30  0.4500E-02
 427     -8.520      0.550    1    1   0.000    1.000    1.000    1.000   18.30  0.4500E-02
 428     -8.540      0.550    1    1   0.000    1.000    1.000    1.000   18.30  0.4500E-02
 429     -8.560      0.550    1    1   0.000    1.000    1.000    1.000   18.30  0.4500E-02
 430     -8.580      0.550    1    1   0.000    1.000    1.000    1.000   18.30  0.4500E-02
 431     -8.600      0.550    1    1   0.000    1.000    1.000    1.000   18.30  0.4500E-02
 432     -8.620      0.550    1    1   0.000    1.000    1.000    1.000   18.30  0.4500E-02
 433     -8.640      0.550    1    1   0.000    1.000    1.000    1.000   18.30  0.4500E-02
 434     -8.660      0.550    1    1   0.000    1.000    1.000    1.000   18.30  0.4500E-02
 435     -8.680      0.550    1    1   0.000    1.000    1.000    1.000   18.30  0.4500E-02
 436     -8.700      0.550    1    1   0.000    1.000    1.000    1.000   18.30  0.4500E-02
 437     -8.720      0.550    1    1   0.000    1.000    1.000    1.000   18.30  0.4500E-02
 438     -8.740      0.550    1    1   0.000    1.000    1.000    1.000   18.30  0.4500E-02
 439     -8.760      0.550    1    1   0.000    1.000    1.000    1.000   18.30  0.4500E-02
 440     -8.780      0.550    1    1   0.000    1.000    1.000    1.000   18.30  0.4500E-02
 441     -8.800      0.550    1    1   0.000    1.000    1.000    1.000   18.30  0.4500E-02
 442     -8.820      0.550    1    1   0.000    1.000    1.000    1.000   18.30  0.4500E-02
 443     -8.840      0.550    1    1   0.000    1.000    1.000    1.000   18.30  0.4500E-02
 444     -8.860      0.550    1    1   0.000    1.000    1.000    1.000   18.30  0.4500E-02
 445     -8.880      0.550    1    1   0.000    1.000    1.000    1.000   18.30  0.4500E-02
 446     -8.900      0.550    1    1   0.000    1.000    1.000    1.000   18.30  0.4500E-02
 447     -8.920      0.550    1    1   0.000    1.000    1.000    1.000   18.30  0.4500E-02
 448     -8.940      0.550    1    1   0.000    1.000    1.000    1.000   18.30  0.4500E-02
 449     -8.960      0.550    1    1   0.000    1.000    1.000    1.000   18.30  0.4500E-02
 450     -8.980      0.550    1    1   0.000    1.000    1.000    1.000   18.30  0.4500E-02
 451     -9.000      0.550    1    1   0.000    1.000    1.000    1.000   18.30  0.4500E-02
 452     -9.020      0.550    1    1   0.000    1.000    1.000    1.000   18.30  0.4500E-02
 453     -9.040      0.550    1    1   0.000    1.000    1.000    1.000   18.30  0.4500E-02
 454     -9.060      0.550    1    1   0.000    1.000    1.000    1.000   18.30  0.4500E-02
 455     -9.080      0.550    1    1   0.000    1.000    1.000    1.000   18.30  0.4500E-02
 456     -9.100      0.550    1    1   0.000    1.000    1.000    1.000   18.30  0.4500E-02
 457     -9.120      0.550    1    1   0.000    1.000    1.000    1.000   18.30  0.4500E-02
 458     -9.140      0.550    1    1   0.000    1.000    1.000    1.000   18.30  0.4500E-02
 459     -9.160      0.550    1    1   0.000    1.000    1.000    1.000   18.30  0.4500E-02
 460     -9.180      0.550    1    1   0.000    1.000    1.000    1.000   18.30  0.4500E-02
 461     -9.200      0.550    1    1   0.000    1.000    1.000    1.000   18.30  0.4500E-02
 462     -9.220      0.550    1    1   0.000    1.000    1.000    1.000   18.30  0.4500E-02
 463     -9.240      0.550    1    1   0.000    1.000    1.000    1.000   18.30  0.4500E-02
 464     -9.260      0.550    1    1   0.000    1.000    1.000    1.000   18.30  0.4500E-02
 465     -9.280      0.550    1    1   0.000    1.000    1.000    1.000   18.30  0.4500E-02
 466     -9.300      0.550    1    1   0.000    1.000    1.000    1.000   18.30  0.4500E-02
 467     -9.320      0.550    1    1   0.000    1.000    1.000    1.000   18.30  0.4500E-02
 468     -9.340      0.550    1    1   0.000    1.000    1.000    1.000   18.30  0.4500E-02
 469     -9.360      0.550    1    1   0.000    1.000    1.000    1.000   18.30  0.4500E-02
 470     -9.380      0.550    1    1   0.000    1.000    1.000    1.000   18.30  0.4500E-02
 471     -9.400      0.550    1    1   0.000    1.000    1.000    1.000   18.30  0.4500E-02
 472     -9.420      0.550    1    1   0.000    1.000    1.000    1.000   18.30  0.4500E-02
 473     -9.440      0.550    1    1   0.000    1.000    1.000    1.000   18.30  0.4500E-02
 474     -9.460      0.550    1    1   0.000    1.000    1.000    1.000   18.30  0.4500E-02
 475     -9.480      0.550    1    1   0.000    1.000    1.000    1.000   18.30  0.4500E-02
 476     -9.500      0.550    1    1   0.000    1.000    1.000    1.000   18.30  0.4500E-02
 477     -9.520      0.550    1    1   0.000    1.000    1.000    1.000   18.30  0.4500E-02
 478     -9.540      0.550    1    1   0.000    1.000    1.000    1.000   18.30  0.4500E-02
 479     -9.560      0.550    1    1   0.000    1.000    1.000    1.000   18.30  0.4500E-02
 480     -9.580      0.550    1    1   0.000    1.000    1.000    1.000   18.30  0.4500E-02
 481     -9.600      0.550    1    1   0.000    1.000    1.000    1.000   18.30  0.4500E-02
 482     -9.620      0.550    1    1   0.000    1.000    1.000    1.000   18.30  0.4500E-02
 483     -9.640      0.550    1    1   0.000    1.000    1.000    1.000   18.30  0.4500E-02
 484     -9.660      0.550    1    1   0.000    1.000    1.000    1.000   18.30  0.4500E-02
 485     -9.680      0.550    1    1   0.000    1.000    1.000    1.000   18.30  0.4500E-02
 486     -9.700      0.550    1    1   0.000    1.000    1.000    1.000   18.30  0.4500E-02
 487     -9.720      0.550    1    1   0.000    1.000    1.000    1.000   18.30  0.4500E-02
 488     -9.740      0.550    1    1   0.000    1.000    1.000    1.000   18.30  0.4500E-02
 489     -9.760      0.550    1    1   0.000    1.000    1.000    1.000   18.30  0.4500E-02
 490     -9.780      0.550    1    1   0.000    1.000    1.000    1.000   18.30  0.4500E-02
 491     -9.800      0.550    1    1   0.000    1.000    1.000    1.000   18.30  0.4500E-02
 492     -9.820      0.550    1    1   0.000    1.000    1.000    1.000   18.30  0.4500E-02
 493     -9.840      0.550    1    1   0.000    1.000    1.000    1.000   18.30  0.4500E-02
 494     -9.860      0.550    1    1   0.000    1.000    1.000    1.000   18.30  0.4500E-02
 495     -9.880      0.550    1    1   0.000    1.000    1.000    1.000   18.30  0.4500E-02
 496     -9.900      0.550    1    1   0.000    1.000    1.000    1.000   18.30  0.4500E-02
 497     -9.920      0.550    1    1   0.000    1.000    1.000    1.000   18.30  0.4500E-02
 498     -9.940      0.550    1    1   0.000    1.000    1.000    1.000   18.30  0.4500E-02
 499     -9.960      0.550    1    1   0.000    1.000    1.000    1.000   18.30  0.4500E-02
 500     -9.980      0.550    1    1   0.000    1.000    1.000    1.000   18.30  0.4500E-02
 501    -10.000      0.550    1    1   0.000    1.000    1.000    1.000   18.30  0.4500E-02
end

 Number of species in the chain :   1


MatNum, Param. array:

   Mat     Qr     Qs        Alfa         n          Ks      l

    1    0.068  0.550   0.800E-02   0.109E+01   0.439E-03  0.500

       Table of Hydraulic Properties which are interpolated in simulation
       =================================================================

  theta         h        log h        C             K        log K          S          Kv
 
  0.5500  -0.100E-05 -0.6000E+01  0.6481E-04  0.2903E-03 -0.3537E+01    1.0000  0.0000E+00
  0.5500  -0.126E-05 -0.5899E+01  0.6618E-04  0.2875E-03 -0.3541E+01    1.0000  0.0000E+00
  0.5500  -0.159E-05 -0.5798E+01  0.6758E-04  0.2847E-03 -0.3546E+01    1.0000  0.0000E+00
  0.5500  -0.201E-05 -0.5697E+01  0.6901E-04  0.2818E-03 -0.3550E+01    1.0000  0.0000E+00
  0.5500  -0.254E-05 -0.5596E+01  0.7047E-04  0.2788E-03 -0.3555E+01    1.0000  0.0000E+00
  0.5500  -0.320E-05 -0.5495E+01  0.7196E-04  0.2758E-03 -0.3559E+01    1.0000  0.0000E+00
  0.5500  -0.404E-05 -0.5394E+01  0.7349E-04  0.2728E-03 -0.3564E+01    1.0000  0.0000E+00
  0.5500  -0.509E-05 -0.5293E+01  0.7504E-04  0.2697E-03 -0.3569E+01    1.0000  0.0000E+00
  0.5500  -0.643E-05 -0.5192E+01  0.7663E-04  0.2665E-03 -0.3574E+01    1.0000  0.0000E+00
  0.5500  -0.811E-05 -0.5091E+01  0.7825E-04  0.2634E-03 -0.3579E+01    1.0000  0.0000E+00
  0.5500  -0.102E-04 -0.4990E+01  0.7990E-04  0.2601E-03 -0.3585E+01    1.0000  0.0000E+00
  0.5500  -0.129E-04 -0.4889E+01  0.8159E-04  0.2568E-03 -0.3590E+01    1.0000  0.0000E+00
  0.5500  -0.163E-04 -0.4788E+01  0.8332E-04  0.2535E-03 -0.3596E+01    1.0000  0.0000E+00
  0.5500  -0.206E-04 -0.4687E+01  0.8508E-04  0.2501E-03 -0.3602E+01    1.0000  0.0000E+00
  0.5500  -0.260E-04 -0.4586E+01  0.8688E-04  0.2467E-03 -0.3608E+01    1.0000  0.0000E+00
  0.5500  -0.327E-04 -0.4485E+01  0.8872E-04  0.2432E-03 -0.3614E+01    1.0000  0.0000E+00
  0.5500  -0.413E-04 -0.4384E+01  0.9060E-04  0.2397E-03 -0.3620E+01    1.0000  0.0000E+00
  0.5500  -0.521E-04 -0.4283E+01  0.9251E-04  0.2361E-03 -0.3627E+01    1.0000  0.0000E+00
  0.5500  -0.658E-04 -0.4182E+01  0.9447E-04  0.2325E-03 -0.3634E+01    1.0000  0.0000E+00
  0.5500  -0.830E-04 -0.4081E+01  0.9647E-04  0.2289E-03 -0.3640E+01    1.0000  0.0000E+00
  0.5500  -0.105E-03 -0.3980E+01  0.9851E-04  0.2251E-03 -0.3648E+01    1.0000  0.0000E+00
  0.5500  -0.132E-03 -0.3879E+01  0.1006E-03  0.2214E-03 -0.3655E+01    1.0000  0.0000E+00
  0.5500  -0.167E-03 -0.3778E+01  0.1027E-03  0.2176E-03 -0.3662E+01    1.0000  0.0000E+00
  0.5500  -0.210E-03 -0.3677E+01  0.1049E-03  0.2137E-03 -0.3670E+01    1.0000  0.0000E+00
  0.5500  -0.266E-03 -0.3576E+01  0.1071E-03  0.2098E-03 -0.3678E+01    1.0000  0.0000E+00
  0.5500  -0.335E-03 -0.3475E+01  0.1094E-03  0.2059E-03 -0.3686E+01    1.0000  0.8384E-35
  0.5500  -0.423E-03 -0.3374E+01  0.1117E-03  0.2019E-03 -0.3695E+01    1.0000  0.8384E-35
  0.5500  -0.534E-03 -0.3273E+01  0.1141E-03  0.1979E-03 -0.3704E+01    1.0000  0.8384E-35
  0.5500  -0.673E-03 -0.3172E+01  0.1165E-03  0.1938E-03 -0.3713E+01    1.0000  0.8384E-35
  0.5500  -0.850E-03 -0.3071E+01  0.1189E-03  0.1897E-03 -0.3722E+01    1.0000  0.8451E-34
  0.5500  -0.107E-02 -0.2970E+01  0.1214E-03  0.1855E-03 -0.3732E+01    1.0000  0.8451E-34
  0.5500  -0.135E-02 -0.2869E+01  0.1240E-03  0.1813E-03 -0.3742E+01    1.0000  0.3265E-33
  0.5500  -0.171E-02 -0.2768E+01  0.1266E-03  0.1771E-03 -0.3752E+01    1.0000  0.3265E-33
  0.5500  -0.215E-02 -0.2667E+01  0.1293E-03  0.1728E-03 -0.3762E+01    1.0000  0.8518E-33
  0.5500  -0.272E-02 -0.2566E+01  0.1321E-03  0.1685E-03 -0.3773E+01    1.0000  0.3291E-32
  0.5500  -0.343E-02 -0.2465E+01  0.1348E-03  0.1641E-03 -0.3785E+01    1.0000  0.5501E-32
  0.5500  -0.433E-02 -0.2364E+01  0.1377E-03  0.1597E-03 -0.3797E+01    1.0000  0.1271E-31
  0.5500  -0.546E-02 -0.2263E+01  0.1406E-03  0.1553E-03 -0.3809E+01    1.0000  0.3317E-31
  0.5500  -0.689E-02 -0.2162E+01  0.1436E-03  0.1509E-03 -0.3821E+01    1.0000  0.6978E-31
  0.5500  -0.870E-02 -0.2061E+01  0.1466E-03  0.1464E-03 -0.3834E+01    1.0000  0.1821E-30
  0.5500  -0.110E-01 -0.1960E+01  0.1497E-03  0.1419E-03 -0.3848E+01    1.0000  0.3830E-30
  0.5500  -0.138E-01 -0.1859E+01  0.1529E-03  0.1374E-03 -0.3862E+01    1.0000  0.9664E-30
  0.5500  -0.175E-01 -0.1758E+01  0.1561E-03  0.1329E-03 -0.3877E+01    1.0000  0.2159E-29
  0.5500  -0.221E-01 -0.1657E+01  0.1594E-03  0.1283E-03 -0.3892E+01    1.0000  0.4990E-29
  0.5500  -0.278E-01 -0.1556E+01  0.1628E-03  0.1237E-03 -0.3908E+01    1.0000  0.1185E-28
  0.5500  -0.351E-01 -0.1455E+01  0.1662E-03  0.1191E-03 -0.3924E+01    1.0000  0.2739E-28
  0.5500  -0.443E-01 -0.1354E+01  0.1697E-03  0.1146E-03 -0.3941E+01    1.0000  0.6382E-28
  0.5500  -0.559E-01 -0.1253E+01  0.1733E-03  0.1100E-03 -0.3959E+01    1.0000  0.1470E-27
  0.5500  -0.705E-01 -0.1152E+01  0.1770E-03  0.1054E-03 -0.3977E+01    1.0000  0.3423E-27
  0.5500  -0.890E-01 -0.1051E+01  0.1807E-03  0.1008E-03 -0.3997E+01    1.0000  0.8034E-27
  0.5500  -0.112E+00 -0.9495E+00  0.1845E-03  0.9620E-04 -0.4017E+01    1.0000  0.1860E-26
  0.5500  -0.142E+00 -0.8485E+00  0.1884E-03  0.9164E-04 -0.4038E+01    0.9999  0.4328E-26
  0.5500  -0.179E+00 -0.7475E+00  0.1923E-03  0.8709E-04 -0.4060E+01    0.9999  0.1010E-25
  0.5500  -0.226E+00 -0.6465E+00  0.1963E-03  0.8256E-04 -0.4083E+01    0.9999  0.2341E-25
  0.5499  -0.285E+00 -0.5455E+00  0.2004E-03  0.7807E-04 -0.4108E+01    0.9999  0.5454E-25
  0.5499  -0.359E+00 -0.4444E+00  0.2046E-03  0.7361E-04 -0.4133E+01    0.9999  0.1271E-24
  0.5499  -0.453E+00 -0.3434E+00  0.2088E-03  0.6920E-04 -0.4160E+01    0.9998  0.2953E-24
  0.5499  -0.572E+00 -0.2424E+00  0.2131E-03  0.6483E-04 -0.4188E+01    0.9998  0.6876E-24
  0.5499  -0.722E+00 -0.1414E+00  0.2174E-03  0.6052E-04 -0.4218E+01    0.9997  0.1597E-23
  0.5498  -0.911E+00 -0.4040E-01  0.2217E-03  0.5628E-04 -0.4250E+01    0.9996  0.3713E-23
  0.5498  -0.115E+01  0.6061E-01  0.2261E-03  0.5211E-04 -0.4283E+01    0.9995  0.8617E-23
  0.5497  -0.145E+01  0.1616E+00  0.2304E-03  0.4803E-04 -0.4319E+01    0.9994  0.2001E-22
  0.5496  -0.183E+01  0.2626E+00  0.2348E-03  0.4404E-04 -0.4356E+01    0.9992  0.4639E-22
  0.5495  -0.231E+01  0.3636E+00  0.2390E-03  0.4015E-04 -0.4396E+01    0.9989  0.1074E-21
  0.5493  -0.292E+01  0.4646E+00  0.2431E-03  0.3638E-04 -0.4439E+01    0.9986  0.2485E-21
  0.5492  -0.368E+01  0.5657E+00  0.2469E-03  0.3273E-04 -0.4485E+01    0.9983  0.5734E-21
  0.5489  -0.464E+01  0.6667E+00  0.2505E-03  0.2923E-04 -0.4534E+01    0.9978  0.1321E-20
  0.5486  -0.586E+01  0.7677E+00  0.2537E-03  0.2588E-04 -0.4587E+01    0.9971  0.3032E-20
  0.5482  -0.739E+01  0.8687E+00  0.2563E-03  0.2270E-04 -0.4644E+01    0.9963  0.6933E-20
  0.5477  -0.933E+01  0.9697E+00  0.2582E-03  0.1969E-04 -0.4706E+01    0.9953  0.1578E-19
  0.5471  -0.118E+02  0.1071E+01  0.2591E-03  0.1689E-04 -0.4772E+01    0.9940  0.3568E-19
  0.5463  -0.148E+02  0.1172E+01  0.2589E-03  0.1430E-04 -0.4845E+01    0.9923  0.8005E-19
  0.5453  -0.187E+02  0.1273E+01  0.2572E-03  0.1193E-04 -0.4923E+01    0.9902  0.1779E-18
  0.5440  -0.236E+02  0.1374E+01  0.2537E-03  0.9794E-05 -0.5009E+01    0.9876  0.3905E-18
  0.5425  -0.298E+02  0.1475E+01  0.2482E-03  0.7901E-05 -0.5102E+01    0.9844  0.8448E-18
  0.5406  -0.376E+02  0.1576E+01  0.2404E-03  0.6253E-05 -0.5204E+01    0.9804  0.1796E-17
  0.5382  -0.475E+02  0.1677E+01  0.2302E-03  0.4847E-05 -0.5315E+01    0.9756  0.3738E-17
  0.5355  -0.599E+02  0.1778E+01  0.2174E-03  0.3677E-05 -0.5435E+01    0.9698  0.7593E-17
  0.5322  -0.756E+02  0.1879E+01  0.2024E-03  0.2726E-05 -0.5564E+01    0.9630  0.1500E-16
  0.5283  -0.955E+02  0.1980E+01  0.1853E-03  0.1975E-05 -0.5704E+01    0.9551  0.2872E-16
  0.5239  -0.120E+03  0.2081E+01  0.1669E-03  0.1398E-05 -0.5855E+01    0.9459  0.5317E-16
  0.5190  -0.152E+03  0.2182E+01  0.1477E-03  0.9672E-06 -0.6014E+01    0.9357  0.9494E-16
  0.5135  -0.192E+03  0.2283E+01  0.1285E-03  0.6551E-06 -0.6184E+01    0.9243  0.1633E-15
  0.5075  -0.242E+03  0.2384E+01  0.1099E-03  0.4350E-06 -0.6362E+01    0.9119  0.2705E-15
  0.5012  -0.305E+03  0.2485E+01  0.9266E-04  0.2837E-06 -0.6547E+01    0.8987  0.4317E-15
  0.4944  -0.385E+03  0.2586E+01  0.7701E-04  0.1821E-06 -0.6740E+01    0.8847  0.6645E-15
  0.4874  -0.486E+03  0.2687E+01  0.6324E-04  0.1153E-06 -0.6938E+01    0.8701  0.9883E-15
  0.4801  -0.614E+03  0.2788E+01  0.5138E-04  0.7218E-07 -0.7142E+01    0.8550  0.1424E-14
  0.4727  -0.774E+03  0.2889E+01  0.4138E-04  0.4474E-07 -0.7349E+01    0.8397  0.1991E-14
  0.4652  -0.977E+03  0.2990E+01  0.3308E-04  0.2751E-07 -0.7560E+01    0.8242  0.2709E-14
  0.4577  -0.123E+04  0.3091E+01  0.2628E-04  0.1681E-07 -0.7774E+01    0.8085  0.3597E-14
  0.4502  -0.156E+04  0.3192E+01  0.2078E-04  0.1022E-07 -0.7991E+01    0.7929  0.4671E-14
  0.4427  -0.196E+04  0.3293E+01  0.1636E-04  0.6183E-08 -0.8209E+01    0.7774  0.5944E-14
  0.4352  -0.248E+04  0.3394E+01  0.1285E-04  0.3730E-08 -0.8428E+01    0.7619  0.7430E-14
  0.4279  -0.313E+04  0.3495E+01  0.1006E-04  0.2244E-08 -0.8649E+01    0.7467  0.9136E-14
  0.4206  -0.394E+04  0.3596E+01  0.7864E-05  0.1347E-08 -0.8871E+01    0.7316  0.1107E-13
  0.4135  -0.498E+04  0.3697E+01  0.6136E-05  0.8077E-09 -0.9093E+01    0.7167  0.1324E-13
  0.4064  -0.628E+04  0.3798E+01  0.4783E-05  0.4835E-09 -0.9316E+01    0.7021  0.1564E-13
  0.3995  -0.792E+04  0.3899E+01  0.3724E-05  0.2892E-09 -0.9539E+01    0.6877  0.1828E-13
  0.3927  -0.100E+05  0.4000E+01  0.2898E-05  0.1728E-09 -0.9762E+01    0.6736  0.2115E-13
end


 Solute transport information
 ============================

 Galerkin finite-element method


 lTDep     lWDep     cTolA     cTolR   MaxItC
  F        0    0.000E+00    0.0000      1


 Mat.     Bulk.D.    DispL    Fraction  Immobile WC
  1       1.1200   10.0000    1.0000    0.0000

    Dif.w.      Dif.g.   -------------------------------------------------- ( 1.solute)
  0.1850E-04  0.0000E+00
 Mat.     KS         Nu         Beta      Henry  SinkL1     SinkS1     SinkG1     SinkL1`    SinkS1`    SinkG1`  SinkL0     SinkS0     SinkG0      Alfa
   1 0.0000E+00 0.0000E+00 0.1000E+01 0.0000E+00 0.0000E+00 0.0000E+00 0.0000E+00 0.0000E+00 0.0000E+00 0.0000E+00 0.0000E+00 0.0000E+00 0.0000E+00 0.0000E+00

 No adsorption or linear adsorp. isotherm for material  1

 kTopCh      cTop(1...NS)
   1        0.000E+00

 kBotCh      cBot(1...NS)
   0        0.000E+00

 tPulse =             0.000
