 All solute fluxes and cumulative solute fluxes are positive into the region

       Time         cvTop        cvBot      Sum(cvTop)   Sum(cvBot)     cvCh0        cvCh1         cTop        cRoot         cBot        cvRoot    Sum(cvRoot)  Sum(cvNEql) TLevel      cGWL        cRunOff   Sum(cRunOff)    (cv(i),    Sum(cv(i)), i=1,NObs)
        [T]        [M/L2/T]     [M/L2/T]      [M/L2]       [M/L2]       [M/L2]      [M/L2]        [M/L3]      [M/L3]        [M/L3]      [M/L2/T]      [M/L2]       [M/L2]              [M/L3]        [M/L2]      [M/L3]      [M/L2/T]      [M/L2]
        0.1000 -0.24745E-03 -0.98775E-06 -0.24745E-04 -0.98775E-07  0.00000E+00  0.00000E+00  0.00000E+00  0.00000E+00  0.45000E-02  0.00000E+00  0.00000E+00  0.00000E+00       1  0.44954E-02  0.00000E+00  0.00000E+00
        0.2200 -0.18680E-05  0.00000E+00 -0.24969E-04 -0.98775E-07  0.00000E+00  0.00000E+00  0.00000E+00  0.00000E+00  0.45000E-02  0.00000E+00  0.00000E+00  0.00000E+00       2  0.44954E-02  0.00000E+00  0.00000E+00
        0.3500 -0.18592E-05  0.00000E+00 -0.25211E-04 -0.98775E-07  0.00000E+00  0.00000E+00  0.00000E+00  0.00000E+00  0.45000E-02  0.00000E+00  0.00000E+00  0.00000E+00       3  0.44954E-02  0.00000E+00  0.00000E+00
        0.5125 -0.18490E-05  0.00000E+00 -0.25511E-04 -0.98775E-07  0.00000E+00  0.00000E+00  0.00000E+00  0.00000E+00  0.45000E-02  0.00000E+00  0.00000E+00  0.00000E+00       4  0.44953E-02  0.00000E+00  0.00000E+00
        0.7562 -0.18351E-05  0.00000E+00 -0.25958E-04 -0.98775E-07  0.00000E+00  0.00000E+00  0.00000E+00  0.00000E+00  0.45000E-02  0.00000E+00  0.00000E+00  0.00000E+00       5  0.44952E-02  0.00000E+00  0.00000E+00
        1.0000 -0.18187E-05  0.00000E+00 -0.26402E-04 -0.98775E-07  0.00000E+00  0.00000E+00  0.00000E+00  0.00000E+00  0.45000E-02  0.00000E+00  0.00000E+00  0.00000E+00       6  0.44951E-02  0.00000E+00  0.00000E+00
        1.2856 -0.18012E-05  0.00000E+00 -0.26916E-04 -0.98775E-07  0.00000E+00  0.00000E+00  0.00000E+00  0.00000E+00  0.45000E-02  0.00000E+00  0.00000E+00  0.00000E+00       7  0.44950E-02  0.00000E+00  0.00000E+00
        1.6569 -0.17800E-05  0.00000E+00 -0.27577E-04 -0.98775E-07  0.00000E+00  0.00000E+00  0.00000E+00  0.00000E+00  0.45000E-02  0.00000E+00  0.00000E+00  0.00000E+00       8  0.44949E-02  0.00000E+00  0.00000E+00
        2.1396 -0.17532E-05  0.00000E+00 -0.28423E-04 -0.98775E-07  0.00000E+00  0.00000E+00  0.00000E+00  0.00000E+00  0.45000E-02  0.00000E+00  0.00000E+00  0.00000E+00       9  0.44948E-02  0.00000E+00  0.00000E+00
        2.7671 -0.17196E-05  0.00000E+00 -0.29502E-04 -0.98775E-07  0.00000E+00  0.00000E+00  0.00000E+00  0.00000E+00  0.45000E-02  0.00000E+00  0.00000E+00  0.00000E+00      10  0.44946E-02  0.00000E+00  0.00000E+00
        3.5828 -0.16778E-05  0.00000E+00 -0.30871E-04 -0.98775E-07  0.00000E+00  0.00000E+00  0.00000E+00  0.00000E+00  0.45000E-02  0.00000E+00  0.00000E+00  0.00000E+00      11  0.44943E-02  0.00000E+00  0.00000E+00
        4.6432 -0.16267E-05  0.00000E+00 -0.32596E-04 -0.98775E-07  0.00000E+00  0.00000E+00  0.00000E+00  0.00000E+00  0.45000E-02  0.00000E+00  0.00000E+00  0.00000E+00      12  0.44940E-02  0.00000E+00  0.00000E+00
        6.0218 -0.15652E-05  0.00000E+00 -0.34754E-04 -0.98775E-07  0.00000E+00  0.00000E+00  0.00000E+00  0.00000E+00  0.45000E-02  0.00000E+00  0.00000E+00  0.00000E+00      13  0.44936E-02  0.00000E+00  0.00000E+00
        7.8140 -0.14924E-05  0.00000E+00 -0.37428E-04 -0.98775E-07  0.00000E+00  0.00000E+00  0.00000E+00  0.00000E+00  0.45000E-02  0.00000E+00  0.00000E+00  0.00000E+00      14  0.44931E-02  0.00000E+00  0.00000E+00
       10.1438 -0.14085E-05  0.00000E+00 -0.40710E-04 -0.98775E-07  0.00000E+00  0.00000E+00  0.00000E+00  0.00000E+00  0.45000E-02  0.00000E+00  0.00000E+00  0.00000E+00      15  0.44925E-02  0.00000E+00  0.00000E+00
       13.1726 -0.13145E-05  0.00000E+00 -0.44691E-04 -0.98775E-07  0.00000E+00  0.00000E+00  0.00000E+00  0.00000E+00  0.45000E-02  0.00000E+00  0.00000E+00  0.00000E+00      16  0.44918E-02  0.00000E+00  0.00000E+00
       17.1099 -0.12126E-05  0.00000E+00 -0.49466E-04 -0.98775E-07  0.00000E+00  0.00000E+00  0.00000E+00  0.00000E+00  0.45000E-02  0.00000E+00  0.00000E+00  0.00000E+00      17  0.44909E-02  0.00000E+00  0.00000E+00
       22.2285 -0.11060E-05  0.00000E+00 -0.55127E-04 -0.98775E-07  0.00000E+00  0.00000E+00  0.00000E+00  0.00000E+00  0.45000E-02  0.00000E+00  0.00000E+00  0.00000E+00      18  0.44899E-02  0.00000E+00  0.00000E+00
       28.8827 -0.99870E-06  0.00000E+00 -0.61773E-04 -0.98775E-07  0.00000E+00  0.00000E+00  0.00000E+00  0.00000E+00  0.45000E-02  0.00000E+00  0.00000E+00  0.00000E+00      19  0.44887E-02  0.00000E+00  0.00000E+00
       37.5331 -0.89440E-06  0.00000E+00 -0.69510E-04 -0.98775E-07  0.00000E+00  0.00000E+00  0.00000E+00  0.00000E+00  0.45000E-02  0.00000E+00  0.00000E+00  0.00000E+00      20  0.44873E-02  0.00000E+00  0.00000E+00
       48.7786 -0.79611E-06  0.00000E+00 -0.78462E-04 -0.98775E-07  0.00000E+00  0.00000E+00  0.00000E+00  0.00000E+00  0.45000E-02  0.00000E+00  0.00000E+00  0.00000E+00      21  0.44857E-02  0.00000E+00  0.00000E+00
       63.3978 -0.70565E-06  0.00000E+00 -0.88778E-04 -0.98775E-07  0.00000E+00  0.00000E+00  0.00000E+00  0.00000E+00  0.45000E-02  0.00000E+00  0.00000E+00  0.00000E+00      22  0.44838E-02  0.00000E+00  0.00000E+00
       82.4028 -0.62369E-06  0.00000E+00 -0.10063E-03 -0.98775E-07  0.00000E+00  0.00000E+00  0.00000E+00  0.00000E+00  0.45000E-02  0.00000E+00  0.00000E+00  0.00000E+00      23  0.44816E-02  0.00000E+00  0.00000E+00
      107.1092 -0.55016E-06  0.00000E+00 -0.11422E-03 -0.98775E-07  0.00000E+00  0.00000E+00  0.00000E+00  0.00000E+00  0.45000E-02  0.00000E+00  0.00000E+00  0.00000E+00      24  0.44792E-02  0.00000E+00  0.00000E+00
      139.2276 -0.48461E-06  0.00000E+00 -0.12979E-03 -0.98775E-07  0.00000E+00  0.00000E+00  0.00000E+00  0.00000E+00  0.45000E-02  0.00000E+00  0.00000E+00  0.00000E+00      25  0.44763E-02  0.00000E+00  0.00000E+00
      180.9814 -0.42643E-06  0.00000E+00 -0.14759E-03 -0.98775E-07  0.00000E+00  0.00000E+00  0.00000E+00  0.00000E+00  0.45000E-02  0.00000E+00  0.00000E+00  0.00000E+00      26  0.44731E-02  0.00000E+00  0.00000E+00
      235.2614 -0.37493E-06  0.00000E+00 -0.16795E-03 -0.98775E-07  0.00000E+00  0.00000E+00  0.00000E+00  0.00000E+00  0.45000E-02  0.00000E+00  0.00000E+00  0.00000E+00      27  0.44694E-02  0.00000E+00  0.00000E+00
      305.8255 -0.32946E-06  0.00000E+00 -0.19119E-03 -0.98775E-07  0.00000E+00  0.00000E+00  0.00000E+00  0.00000E+00  0.45000E-02  0.00000E+00  0.00000E+00  0.00000E+00      28  0.44652E-02  0.00000E+00  0.00000E+00
      397.5587 -0.28937E-06  0.00000E+00 -0.21774E-03 -0.98775E-07  0.00000E+00  0.00000E+00  0.00000E+00  0.00000E+00  0.45000E-02  0.00000E+00  0.00000E+00  0.00000E+00      29  0.44604E-02  0.00000E+00  0.00000E+00
      516.8119 -0.25408E-06  0.00000E+00 -0.24804E-03 -0.98775E-07  0.00000E+00  0.00000E+00  0.00000E+00  0.00000E+00  0.45000E-02  0.00000E+00  0.00000E+00  0.00000E+00      30  0.44548E-02  0.00000E+00  0.00000E+00
      677.2104 -0.22260E-06  0.00000E+00 -0.28374E-03 -0.98775E-07  0.00000E+00  0.00000E+00  0.00000E+00  0.00000E+00  0.45000E-02  0.00000E+00  0.00000E+00  0.00000E+00      31  0.44484E-02  0.00000E+00  0.00000E+00
      864.3420 -0.19581E-06  0.00000E+00 -0.32038E-03 -0.98775E-07  0.00000E+00  0.00000E+00  0.00000E+00  0.00000E+00  0.45000E-02  0.00000E+00  0.00000E+00  0.00000E+00      32  0.44417E-02  0.00000E+00  0.00000E+00
     1098.2565 -0.17363E-06  0.00000E+00 -0.36100E-03 -0.98775E-07  0.00000E+00  0.00000E+00  0.00000E+00  0.00000E+00  0.45000E-02  0.00000E+00  0.00000E+00  0.00000E+00      33  0.44343E-02  0.00000E+00  0.00000E+00
     1449.1283 -0.15272E-06  0.00000E+00 -0.41458E-03 -0.98775E-07  0.00000E+00  0.00000E+00  0.00000E+00  0.00000E+00  0.45000E-02  0.00000E+00  0.00000E+00  0.00000E+00      34  0.44246E-02  0.00000E+00  0.00000E+00
     1800.0000 -0.13489E-06  0.00000E+00 -0.46191E-03 -0.98775E-07  0.00000E+00  0.00000E+00  0.00000E+00  0.00000E+00  0.45000E-02  0.00000E+00  0.00000E+00  0.00000E+00      35  0.44160E-02  0.00000E+00  0.00000E+00
     2265.0000 -0.12073E-06  0.00000E+00 -0.51805E-03 -0.98775E-07  0.00000E+00  0.00000E+00  0.00000E+00  0.00000E+00  0.45000E-02  0.00000E+00  0.00000E+00  0.00000E+00      36  0.44058E-02  0.00000E+00  0.00000E+00
     2962.5000 -0.10666E-06  0.00000E+00 -0.59244E-03 -0.98775E-07  0.00000E+00  0.00000E+00  0.00000E+00  0.00000E+00  0.45000E-02  0.00000E+00  0.00000E+00  0.00000E+00      37  0.43922E-02  0.00000E+00  0.00000E+00
     3660.0000 -0.94530E-07  0.00000E+00 -0.65838E-03 -0.98775E-07  0.00000E+00  0.00000E+00  0.00000E+00  0.00000E+00  0.45000E-02  0.00000E+00  0.00000E+00  0.00000E+00      38  0.43803E-02  0.00000E+00  0.00000E+00
end
